2018-05-13 22:22:47 INFO  ERSLogger:145 - Successful login of username: kirk
2018-05-13 22:56:43 INFO  ERSLogger:156 - Failed login of username: asd
2018-05-13 22:56:43 WARN  ERSLogger:42 - Failed login attempt.
2018-05-13 22:57:17 INFO  ERSLogger:145 - Successful login of username: kirk
2018-05-13 22:57:18 INFO  ERSLogger:105 - Retrieved full data of username: kirk
2018-05-13 22:57:18 INFO  ERSLogger:105 - Retrieved full data of username: kirk
2018-05-13 22:57:18 INFO  ERSLogger:30 - Session has been set for Financial Manager username: kirk
2018-05-13 23:00:59 INFO  ERSLogger:145 - Successful login of username: jack
2018-05-13 23:00:59 INFO  ERSLogger:105 - Retrieved full data of username: jack
2018-05-13 23:00:59 INFO  ERSLogger:105 - Retrieved full data of username: jack
2018-05-13 23:00:59 INFO  ERSLogger:36 - Session has been set for Associate username: jack
2018-05-13 23:07:46 INFO  ERSLogger:145 - Successful login of username: kirk
2018-05-13 23:07:46 INFO  ERSLogger:105 - Retrieved full data of username: kirk
2018-05-13 23:07:46 INFO  ERSLogger:105 - Retrieved full data of username: kirk
2018-05-13 23:07:46 INFO  ERSLogger:33 - Session has been set for Financial Manager username: kirk
2018-05-13 23:08:05 INFO  ERSLogger:52 - Successful logout of username: kirk
2018-05-13 23:09:22 INFO  ERSLogger:145 - Successful login of username: jack
2018-05-13 23:09:22 INFO  ERSLogger:105 - Retrieved full data of username: jack
2018-05-13 23:09:22 INFO  ERSLogger:105 - Retrieved full data of username: jack
2018-05-13 23:09:22 INFO  ERSLogger:39 - Session has been set for Associate username: jack
2018-05-13 23:09:40 INFO  ERSLogger:52 - Successful logout of username: jack
2018-05-13 23:11:09 INFO  ERSLogger:52 - Successful logout of username: null
2018-05-13 23:26:23 INFO  ERSLogger:144 - Successful login of username: jack
2018-05-13 23:26:23 INFO  ERSLogger:104 - Retrieved full data of username: jack
2018-05-13 23:26:24 INFO  ERSLogger:104 - Retrieved full data of username: jack
2018-05-13 23:26:24 INFO  ERSLogger:37 - Session has been set for Associate username: jack
2018-05-13 23:26:34 INFO  ERSLogger:50 - Successful logout of username: Employee{eId=2, username='jack', userpass='2DD65319C1794A93A20DE4CC3D7734B8', firstName='Jack', lastName='Hedan', role='Associate'}
2018-05-13 23:32:18 INFO  ERSLogger:144 - Successful login of username: jack
2018-05-13 23:32:18 INFO  ERSLogger:104 - Retrieved full data of username: jack
2018-05-13 23:32:18 INFO  ERSLogger:104 - Retrieved full data of username: jack
2018-05-13 23:32:18 INFO  ERSLogger:37 - Session has been set for Associate username: jack
2018-05-13 23:32:21 INFO  ERSLogger:50 - Successful logout of username: com.revature.model.Employee
2018-05-13 23:44:16 INFO  ERSLogger:144 - Successful login of username: kirk
2018-05-13 23:44:16 INFO  ERSLogger:104 - Retrieved full data of username: kirk
2018-05-13 23:44:16 INFO  ERSLogger:104 - Retrieved full data of username: kirk
2018-05-13 23:44:16 INFO  ERSLogger:31 - Session has been set for Financial Manager username: kirk
2018-05-13 23:44:28 INFO  ERSLogger:50 - Successful logout!
2018-05-13 23:46:18 INFO  ERSLogger:155 - Failed login of username: jack
2018-05-13 23:46:18 WARN  ERSLogger:43 - Failed login attempt.
2018-05-13 23:46:24 INFO  ERSLogger:144 - Successful login of username: jack
2018-05-13 23:46:24 INFO  ERSLogger:104 - Retrieved full data of username: jack
2018-05-13 23:46:24 INFO  ERSLogger:104 - Retrieved full data of username: jack
2018-05-13 23:46:24 INFO  ERSLogger:37 - Session has been set for Associate username: jack
2018-05-13 23:50:21 INFO  ERSLogger:144 - Successful login of username: jack
2018-05-13 23:50:21 INFO  ERSLogger:104 - Retrieved full data of username: jack
2018-05-13 23:50:21 INFO  ERSLogger:104 - Retrieved full data of username: jack
2018-05-13 23:50:21 INFO  ERSLogger:37 - Session has been set for Associate username: jack
2018-05-13 23:51:28 INFO  ERSLogger:144 - Successful login of username: kirk
2018-05-13 23:51:29 INFO  ERSLogger:104 - Retrieved full data of username: kirk
2018-05-13 23:51:29 INFO  ERSLogger:104 - Retrieved full data of username: kirk
2018-05-13 23:51:29 INFO  ERSLogger:31 - Session has been set for Financial Manager username: kirk
2018-05-13 23:55:12 INFO  ERSLogger:50 - Successful logout!
2018-05-13 23:55:33 INFO  ERSLogger:144 - Successful login of username: kirk
2018-05-13 23:55:33 INFO  ERSLogger:104 - Retrieved full data of username: kirk
2018-05-13 23:55:33 INFO  ERSLogger:104 - Retrieved full data of username: kirk
2018-05-13 23:55:33 INFO  ERSLogger:31 - Session has been set for Financial Manager username: kirk
2018-05-13 23:56:01 INFO  ERSLogger:50 - Successful logout!
2018-05-13 23:56:06 INFO  ERSLogger:144 - Successful login of username: jack
2018-05-13 23:56:06 INFO  ERSLogger:104 - Retrieved full data of username: jack
2018-05-13 23:56:07 INFO  ERSLogger:104 - Retrieved full data of username: jack
2018-05-13 23:56:07 INFO  ERSLogger:37 - Session has been set for Associate username: jack
2018-05-14 00:10:58 INFO  ERSLogger:144 - Successful login of username: jack
2018-05-14 00:10:59 INFO  ERSLogger:104 - Retrieved full data of username: jack
2018-05-14 00:10:59 INFO  ERSLogger:104 - Retrieved full data of username: jack
2018-05-14 00:10:59 INFO  ERSLogger:37 - Session has been set for Associate username: jack
2018-05-14 00:11:03 INFO  ERSLogger:50 - Successful logout!
2018-05-14 00:11:08 INFO  ERSLogger:144 - Successful login of username: kirk
2018-05-14 00:11:08 INFO  ERSLogger:104 - Retrieved full data of username: kirk
2018-05-14 00:11:09 INFO  ERSLogger:104 - Retrieved full data of username: kirk
2018-05-14 00:11:09 INFO  ERSLogger:31 - Session has been set for Financial Manager username: kirk
2018-05-14 00:12:16 INFO  ERSLogger:144 - Successful login of username: kirk
2018-05-14 00:12:16 INFO  ERSLogger:104 - Retrieved full data of username: kirk
2018-05-14 00:12:17 INFO  ERSLogger:104 - Retrieved full data of username: kirk
2018-05-14 00:12:17 INFO  ERSLogger:31 - Session has been set for Financial Manager username: kirk
2018-05-14 00:26:30 INFO  ERSLogger:144 - Successful login of username: kirk
2018-05-14 00:26:30 INFO  ERSLogger:104 - Retrieved full data of username: kirk
2018-05-14 00:26:30 INFO  ERSLogger:104 - Retrieved full data of username: kirk
2018-05-14 00:26:31 INFO  ERSLogger:31 - Session has been set for Financial Manager username: kirk
2018-05-14 00:31:25 INFO  ERSLogger:144 - Successful login of username: kirk
2018-05-14 00:31:25 INFO  ERSLogger:104 - Retrieved full data of username: kirk
2018-05-14 00:31:25 INFO  ERSLogger:104 - Retrieved full data of username: kirk
2018-05-14 00:31:25 INFO  ERSLogger:31 - Session has been set for Financial Manager username: kirk
2018-05-14 00:32:18 INFO  ERSLogger:144 - Successful login of username: kirk
2018-05-14 00:32:18 INFO  ERSLogger:104 - Retrieved full data of username: kirk
2018-05-14 00:32:18 INFO  ERSLogger:104 - Retrieved full data of username: kirk
2018-05-14 00:32:19 INFO  ERSLogger:31 - Session has been set for Financial Manager username: kirk
2018-05-14 00:38:29 INFO  ERSLogger:144 - Successful login of username: kirk
2018-05-14 00:38:30 INFO  ERSLogger:104 - Retrieved full data of username: kirk
2018-05-14 00:38:30 INFO  ERSLogger:104 - Retrieved full data of username: kirk
2018-05-14 00:38:30 INFO  ERSLogger:31 - Session has been set for Financial Manager username: kirk
2018-05-14 00:41:57 INFO  ERSLogger:144 - Successful login of username: kirk
2018-05-14 00:41:58 INFO  ERSLogger:104 - Retrieved full data of username: kirk
2018-05-14 00:41:58 INFO  ERSLogger:104 - Retrieved full data of username: kirk
2018-05-14 00:41:58 INFO  ERSLogger:31 - Session has been set for Financial Manager username: kirk
2018-05-14 00:57:49 INFO  ERSLogger:50 - Successful logout!
2018-05-14 00:57:55 INFO  ERSLogger:144 - Successful login of username: jack
2018-05-14 00:57:55 INFO  ERSLogger:104 - Retrieved full data of username: jack
2018-05-14 00:57:56 INFO  ERSLogger:104 - Retrieved full data of username: jack
2018-05-14 00:57:56 INFO  ERSLogger:37 - Session has been set for Associate username: jack
2018-05-14 01:02:48 INFO  ERSLogger:144 - Successful login of username: jack
2018-05-14 01:02:49 INFO  ERSLogger:104 - Retrieved full data of username: jack
2018-05-14 01:02:49 INFO  ERSLogger:104 - Retrieved full data of username: jack
2018-05-14 01:02:49 INFO  ERSLogger:37 - Session has been set for Associate username: jack
2018-05-14 01:04:45 INFO  ERSLogger:144 - Successful login of username: jack
2018-05-14 01:04:45 INFO  ERSLogger:104 - Retrieved full data of username: jack
2018-05-14 01:04:45 INFO  ERSLogger:104 - Retrieved full data of username: jack
2018-05-14 01:04:45 INFO  ERSLogger:37 - Session has been set for Associate username: jack
2018-05-14 01:48:51 INFO  ERSLogger:144 - Successful login of username: jack
2018-05-14 01:48:51 INFO  ERSLogger:104 - Retrieved full data of username: jack
2018-05-14 01:48:51 INFO  ERSLogger:104 - Retrieved full data of username: jack
2018-05-14 01:48:51 INFO  ERSLogger:37 - Session has been set for Associate username: jack
2018-05-14 01:52:36 INFO  ERSLogger:50 - Successful logout!
2018-05-14 01:56:33 INFO  ERSLogger:144 - Successful login of username: kirk
2018-05-14 01:56:34 INFO  ERSLogger:104 - Retrieved full data of username: kirk
2018-05-14 01:56:34 INFO  ERSLogger:104 - Retrieved full data of username: kirk
2018-05-14 01:56:34 INFO  ERSLogger:31 - Session has been set for Financial Manager username: kirk
2018-05-14 01:56:43 INFO  ERSLogger:21 - Info was accessed!
2018-05-14 01:58:14 INFO  ERSLogger:50 - Successful logout!
2018-05-14 01:58:19 INFO  ERSLogger:144 - Successful login of username: jack
2018-05-14 01:58:19 INFO  ERSLogger:104 - Retrieved full data of username: jack
2018-05-14 01:58:19 INFO  ERSLogger:104 - Retrieved full data of username: jack
2018-05-14 01:58:19 INFO  ERSLogger:37 - Session has been set for Associate username: jack
2018-05-14 01:58:26 INFO  ERSLogger:21 - Info was accessed!
2018-05-14 01:58:32 INFO  ERSLogger:50 - Successful logout!
2018-05-14 01:58:37 INFO  ERSLogger:144 - Successful login of username: jill
2018-05-14 01:58:37 INFO  ERSLogger:104 - Retrieved full data of username: jill
2018-05-14 01:58:37 INFO  ERSLogger:104 - Retrieved full data of username: jill
2018-05-14 01:58:37 INFO  ERSLogger:37 - Session has been set for Associate username: jill
2018-05-14 01:58:48 INFO  ERSLogger:21 - Info was accessed!
2018-05-14 02:22:04 INFO  ERSLogger:144 - Successful login of username: kirk
2018-05-14 02:22:04 INFO  ERSLogger:104 - Retrieved full data of username: kirk
2018-05-14 02:22:04 INFO  ERSLogger:104 - Retrieved full data of username: kirk
2018-05-14 02:22:04 INFO  ERSLogger:31 - Session has been set for Financial Manager username: kirk
2018-05-14 02:22:07 INFO  ERSLogger:21 - Info was accessed!
2018-05-14 02:24:05 INFO  ERSLogger:144 - Successful login of username: kirk
2018-05-14 02:24:05 INFO  ERSLogger:104 - Retrieved full data of username: kirk
2018-05-14 02:24:05 INFO  ERSLogger:104 - Retrieved full data of username: kirk
2018-05-14 02:24:05 INFO  ERSLogger:31 - Session has been set for Financial Manager username: kirk
2018-05-14 02:24:05 INFO  ERSLogger:144 - Successful login of username: kirk
2018-05-14 02:24:05 INFO  ERSLogger:104 - Retrieved full data of username: kirk
2018-05-14 02:24:05 INFO  ERSLogger:104 - Retrieved full data of username: kirk
2018-05-14 02:24:05 INFO  ERSLogger:31 - Session has been set for Financial Manager username: kirk
2018-05-14 02:24:07 INFO  ERSLogger:21 - Info was accessed!
2018-05-14 02:25:17 INFO  ERSLogger:144 - Successful login of username: kirk
2018-05-14 02:25:17 INFO  ERSLogger:104 - Retrieved full data of username: kirk
2018-05-14 02:25:18 INFO  ERSLogger:104 - Retrieved full data of username: kirk
2018-05-14 02:25:18 INFO  ERSLogger:31 - Session has been set for Financial Manager username: kirk
2018-05-14 02:25:20 INFO  ERSLogger:21 - Info was accessed!
2018-05-14 02:27:51 INFO  ERSLogger:144 - Successful login of username: kirk
2018-05-14 02:27:51 INFO  ERSLogger:104 - Retrieved full data of username: kirk
2018-05-14 02:27:51 INFO  ERSLogger:104 - Retrieved full data of username: kirk
2018-05-14 02:27:51 INFO  ERSLogger:31 - Session has been set for Financial Manager username: kirk
2018-05-14 02:27:54 INFO  ERSLogger:21 - Info was accessed!
2018-05-14 02:29:27 INFO  ERSLogger:144 - Successful login of username: jill
2018-05-14 02:29:27 INFO  ERSLogger:104 - Retrieved full data of username: jill
2018-05-14 02:29:28 INFO  ERSLogger:104 - Retrieved full data of username: jill
2018-05-14 02:29:28 INFO  ERSLogger:37 - Session has been set for Associate username: jill
2018-05-14 02:29:29 INFO  ERSLogger:21 - Info was accessed!
2018-05-14 02:30:00 INFO  ERSLogger:50 - Successful logout!
2018-05-14 02:34:01 INFO  ERSLogger:144 - Successful login of username: kirk
2018-05-14 02:34:01 INFO  ERSLogger:104 - Retrieved full data of username: kirk
2018-05-14 02:34:01 INFO  ERSLogger:104 - Retrieved full data of username: kirk
2018-05-14 02:34:01 INFO  ERSLogger:31 - Session has been set for Financial Manager username: kirk
2018-05-14 02:34:02 INFO  ERSLogger:21 - Info was accessed!
2018-05-14 02:35:13 INFO  ERSLogger:144 - Successful login of username: kirk
2018-05-14 02:35:14 INFO  ERSLogger:104 - Retrieved full data of username: kirk
2018-05-14 02:35:14 INFO  ERSLogger:104 - Retrieved full data of username: kirk
2018-05-14 02:35:14 INFO  ERSLogger:31 - Session has been set for Financial Manager username: kirk
2018-05-14 02:35:15 INFO  ERSLogger:21 - Info was accessed!
2018-05-14 02:39:21 INFO  ERSLogger:21 - Info was accessed!
2018-05-14 02:39:45 INFO  ERSLogger:144 - Successful login of username: kirk
2018-05-14 02:39:45 INFO  ERSLogger:104 - Retrieved full data of username: kirk
2018-05-14 02:39:45 INFO  ERSLogger:104 - Retrieved full data of username: kirk
2018-05-14 02:39:45 INFO  ERSLogger:31 - Session has been set for Financial Manager username: kirk
2018-05-14 02:39:47 INFO  ERSLogger:21 - Info was accessed!
2018-05-14 02:41:27 INFO  ERSLogger:21 - Info was accessed!
2018-05-14 02:41:31 INFO  ERSLogger:21 - Info was accessed!
2018-05-14 02:41:36 INFO  ERSLogger:144 - Successful login of username: kirk
2018-05-14 02:41:36 INFO  ERSLogger:104 - Retrieved full data of username: kirk
2018-05-14 02:41:36 INFO  ERSLogger:104 - Retrieved full data of username: kirk
2018-05-14 02:41:36 INFO  ERSLogger:31 - Session has been set for Financial Manager username: kirk
2018-05-14 02:41:37 INFO  ERSLogger:21 - Info was accessed!
2018-05-14 02:43:38 INFO  ERSLogger:144 - Successful login of username: kirk
2018-05-14 02:43:38 INFO  ERSLogger:104 - Retrieved full data of username: kirk
2018-05-14 02:43:39 INFO  ERSLogger:104 - Retrieved full data of username: kirk
2018-05-14 02:43:39 INFO  ERSLogger:31 - Session has been set for Financial Manager username: kirk
2018-05-14 02:43:40 INFO  ERSLogger:21 - Info was accessed!
2018-05-14 02:48:09 INFO  ERSLogger:144 - Successful login of username: kirk
2018-05-14 02:48:09 INFO  ERSLogger:104 - Retrieved full data of username: kirk
2018-05-14 02:48:09 INFO  ERSLogger:104 - Retrieved full data of username: kirk
2018-05-14 02:48:09 INFO  ERSLogger:31 - Session has been set for Financial Manager username: kirk
2018-05-14 02:48:10 INFO  ERSLogger:21 - Info was accessed!
2018-05-14 02:55:03 INFO  ERSLogger:144 - Successful login of username: kirk
2018-05-14 02:55:03 INFO  ERSLogger:104 - Retrieved full data of username: kirk
2018-05-14 02:55:03 INFO  ERSLogger:104 - Retrieved full data of username: kirk
2018-05-14 02:55:03 INFO  ERSLogger:31 - Session has been set for Financial Manager username: kirk
2018-05-14 02:55:05 INFO  ERSLogger:21 - Info was accessed!
2018-05-14 02:56:49 INFO  ERSLogger:50 - Successful logout!
2018-05-14 02:59:20 INFO  ERSLogger:144 - Successful login of username: kirk
2018-05-14 02:59:20 INFO  ERSLogger:104 - Retrieved full data of username: kirk
2018-05-14 02:59:20 INFO  ERSLogger:104 - Retrieved full data of username: kirk
2018-05-14 02:59:20 INFO  ERSLogger:31 - Session has been set for Financial Manager username: kirk
2018-05-14 02:59:22 INFO  ERSLogger:21 - Info was accessed!
2018-05-14 02:59:26 INFO  ERSLogger:50 - Successful logout!
2018-05-14 02:59:57 INFO  ERSLogger:144 - Successful login of username: jill
2018-05-14 02:59:57 INFO  ERSLogger:104 - Retrieved full data of username: jill
2018-05-14 02:59:58 INFO  ERSLogger:104 - Retrieved full data of username: jill
2018-05-14 02:59:58 INFO  ERSLogger:37 - Session has been set for Associate username: jill
2018-05-14 03:01:25 INFO  ERSLogger:21 - Info was accessed!
2018-05-14 03:01:50 INFO  ERSLogger:104 - Retrieved full data of username: jill
2018-05-14 03:01:50 INFO  ERSLogger:37 - Updated info for username: jill
2018-05-14 03:01:50 INFO  ERSLogger:21 - Info was accessed!
2018-05-14 03:01:55 INFO  ERSLogger:50 - Successful logout!
2018-05-14 03:02:03 INFO  ERSLogger:155 - Failed login of username: jill
2018-05-14 03:02:03 WARN  ERSLogger:43 - Failed login attempt.
2018-05-14 03:02:10 INFO  ERSLogger:155 - Failed login of username: jill
2018-05-14 03:02:10 WARN  ERSLogger:43 - Failed login attempt.
2018-05-14 03:05:03 INFO  ERSLogger:144 - Successful login of username: jill
2018-05-14 03:05:04 INFO  ERSLogger:104 - Retrieved full data of username: jill
2018-05-14 03:05:04 INFO  ERSLogger:104 - Retrieved full data of username: jill
2018-05-14 03:05:04 INFO  ERSLogger:37 - Session has been set for Associate username: jill
2018-05-14 03:05:09 INFO  ERSLogger:21 - Info was accessed!
2018-05-14 03:05:16 INFO  ERSLogger:104 - Retrieved full data of username: jill
2018-05-14 03:05:16 INFO  ERSLogger:37 - Updated info for username: jill
2018-05-14 03:05:16 INFO  ERSLogger:21 - Info was accessed!
2018-05-14 03:17:04 INFO  ERSLogger:146 - Successful login of username: jill
2018-05-14 03:17:04 INFO  ERSLogger:106 - Retrieved full data of username: jill
2018-05-14 03:17:04 INFO  ERSLogger:106 - Retrieved full data of username: jill
2018-05-14 03:17:04 INFO  ERSLogger:37 - Session has been set for Associate username: jill
2018-05-14 03:17:05 INFO  ERSLogger:21 - Info was accessed!
2018-05-14 03:17:24 INFO  ERSLogger:106 - Retrieved full data of username: jill1
2018-05-14 03:17:25 INFO  ERSLogger:38 - Updated info for username: jill1
2018-05-14 03:17:25 INFO  ERSLogger:21 - Info was accessed!
2018-05-14 03:17:44 INFO  ERSLogger:50 - Successful logout!
2018-05-14 03:17:50 INFO  ERSLogger:146 - Successful login of username: jill1
2018-05-14 03:17:50 INFO  ERSLogger:106 - Retrieved full data of username: jill1
2018-05-14 03:17:50 INFO  ERSLogger:106 - Retrieved full data of username: jill1
2018-05-14 03:17:50 INFO  ERSLogger:37 - Session has been set for Associate username: jill1
2018-05-14 03:17:53 INFO  ERSLogger:21 - Info was accessed!
2018-05-14 03:18:03 INFO  ERSLogger:106 - Retrieved full data of username: jill
2018-05-14 03:18:03 INFO  ERSLogger:38 - Updated info for username: jill
2018-05-14 03:18:03 INFO  ERSLogger:21 - Info was accessed!
2018-05-14 03:27:18 INFO  ERSLogger:146 - Successful login of username: jill
2018-05-14 03:27:18 INFO  ERSLogger:106 - Retrieved full data of username: jill
2018-05-14 03:27:18 INFO  ERSLogger:106 - Retrieved full data of username: jill
2018-05-14 03:27:18 INFO  ERSLogger:37 - Session has been set for Associate username: jill
2018-05-14 03:27:20 INFO  ERSLogger:21 - Info was accessed!
2018-05-14 03:30:06 INFO  ERSLogger:146 - Successful login of username: jack
2018-05-14 03:30:06 INFO  ERSLogger:106 - Retrieved full data of username: jack
2018-05-14 03:30:07 INFO  ERSLogger:106 - Retrieved full data of username: jack
2018-05-14 03:30:07 INFO  ERSLogger:37 - Session has been set for Associate username: jack
2018-05-14 03:30:08 INFO  ERSLogger:21 - Info was accessed!
2018-05-14 03:30:15 INFO  ERSLogger:50 - Successful logout!
2018-05-14 03:30:22 INFO  ERSLogger:146 - Successful login of username: jill
2018-05-14 03:30:22 INFO  ERSLogger:106 - Retrieved full data of username: jill
2018-05-14 03:30:23 INFO  ERSLogger:106 - Retrieved full data of username: jill
2018-05-14 03:30:23 INFO  ERSLogger:37 - Session has been set for Associate username: jill
2018-05-14 03:30:24 INFO  ERSLogger:21 - Info was accessed!
2018-05-14 03:34:49 INFO  ERSLogger:146 - Successful login of username: kirk
2018-05-14 03:34:50 INFO  ERSLogger:106 - Retrieved full data of username: kirk
2018-05-14 03:34:50 INFO  ERSLogger:106 - Retrieved full data of username: kirk
2018-05-14 03:34:50 INFO  ERSLogger:31 - Session has been set for Financial Manager username: kirk
2018-05-14 03:34:51 INFO  ERSLogger:21 - Info was accessed!
2018-05-14 03:35:54 INFO  ERSLogger:146 - Successful login of username: kirk
2018-05-14 03:35:54 INFO  ERSLogger:106 - Retrieved full data of username: kirk
2018-05-14 03:35:54 INFO  ERSLogger:106 - Retrieved full data of username: kirk
2018-05-14 03:35:54 INFO  ERSLogger:31 - Session has been set for Financial Manager username: kirk
2018-05-14 03:35:56 INFO  ERSLogger:21 - Info was accessed!
2018-05-14 03:37:31 INFO  ERSLogger:50 - Successful logout!
2018-05-14 03:44:11 INFO  ERSLogger:146 - Successful login of username: jack
2018-05-14 03:44:11 INFO  ERSLogger:106 - Retrieved full data of username: jack
2018-05-14 03:44:11 INFO  ERSLogger:106 - Retrieved full data of username: jack
2018-05-14 03:44:11 INFO  ERSLogger:37 - Session has been set for Associate username: jack
2018-05-14 03:44:16 INFO  ERSLogger:21 - Info was accessed!
2018-05-14 04:11:51 INFO  ERSLogger:146 - Successful login of username: jack
2018-05-14 04:11:51 INFO  ERSLogger:106 - Retrieved full data of username: jack
2018-05-14 04:11:51 INFO  ERSLogger:106 - Retrieved full data of username: jack
2018-05-14 04:11:51 INFO  ERSLogger:37 - Session has been set for Associate username: jack
2018-05-14 04:13:44 INFO  ERSLogger:146 - Successful login of username: jack
2018-05-14 04:13:44 INFO  ERSLogger:106 - Retrieved full data of username: jack
2018-05-14 04:13:44 INFO  ERSLogger:106 - Retrieved full data of username: jack
2018-05-14 04:13:44 INFO  ERSLogger:37 - Session has been set for Associate username: jack
2018-05-14 04:19:26 INFO  ERSLogger:146 - Successful login of username: jack
2018-05-14 04:19:27 INFO  ERSLogger:106 - Retrieved full data of username: jack
2018-05-14 04:19:27 INFO  ERSLogger:106 - Retrieved full data of username: jack
2018-05-14 04:19:27 INFO  ERSLogger:37 - Session has been set for Associate username: jack
2018-05-14 04:21:07 INFO  ERSLogger:146 - Successful login of username: jack
2018-05-14 04:21:07 INFO  ERSLogger:106 - Retrieved full data of username: jack
2018-05-14 04:21:07 INFO  ERSLogger:106 - Retrieved full data of username: jack
2018-05-14 04:21:07 INFO  ERSLogger:37 - Session has been set for Associate username: jack
2018-05-14 04:35:28 INFO  ERSLogger:146 - Successful login of username: jack
2018-05-14 04:35:28 INFO  ERSLogger:106 - Retrieved full data of username: jack
2018-05-14 04:35:28 INFO  ERSLogger:106 - Retrieved full data of username: jack
2018-05-14 04:35:28 INFO  ERSLogger:37 - Session has been set for Associate username: jack
2018-05-14 04:35:31 INFO  ERSLogger:78 - All reimbursement data retrieved.
2018-05-14 04:35:32 INFO  ERSLogger:78 - All reimbursement data retrieved.
2018-05-14 04:35:33 INFO  ERSLogger:78 - All reimbursement data retrieved.
2018-05-14 04:35:33 INFO  ERSLogger:78 - All reimbursement data retrieved.
2018-05-14 04:35:33 INFO  ERSLogger:78 - All reimbursement data retrieved.
2018-05-14 04:35:34 INFO  ERSLogger:78 - All reimbursement data retrieved.
2018-05-14 04:35:40 INFO  ERSLogger:78 - All reimbursement data retrieved.
2018-05-14 04:35:45 INFO  ERSLogger:78 - All reimbursement data retrieved.
2018-05-14 04:44:29 INFO  ERSLogger:146 - Successful login of username: jack
2018-05-14 04:44:29 INFO  ERSLogger:106 - Retrieved full data of username: jack
2018-05-14 04:44:29 INFO  ERSLogger:106 - Retrieved full data of username: jack
2018-05-14 04:44:29 INFO  ERSLogger:37 - Session has been set for Associate username: jack
2018-05-14 04:44:35 INFO  ERSLogger:21 - Info was accessed!
2018-05-14 04:44:39 INFO  ERSLogger:21 - Info was accessed!
2018-05-14 04:44:41 INFO  ERSLogger:21 - Info was accessed!
2018-05-14 04:44:43 INFO  ERSLogger:21 - Info was accessed!
2018-05-14 04:44:47 INFO  ERSLogger:78 - All reimbursement data retrieved.
2018-05-14 04:44:48 INFO  ERSLogger:78 - All reimbursement data retrieved.
2018-05-14 04:44:51 INFO  ERSLogger:78 - All reimbursement data retrieved.
2018-05-14 04:45:51 INFO  ERSLogger:146 - Successful login of username: jack
2018-05-14 04:45:51 INFO  ERSLogger:106 - Retrieved full data of username: jack
2018-05-14 04:45:52 INFO  ERSLogger:106 - Retrieved full data of username: jack
2018-05-14 04:45:52 INFO  ERSLogger:37 - Session has been set for Associate username: jack
2018-05-14 04:45:56 INFO  ERSLogger:78 - All reimbursement data retrieved.
2018-05-14 04:45:57 INFO  ERSLogger:78 - All reimbursement data retrieved.
2018-05-14 04:45:58 INFO  ERSLogger:78 - All reimbursement data retrieved.
2018-05-14 04:45:58 INFO  ERSLogger:78 - All reimbursement data retrieved.
2018-05-14 04:49:44 INFO  ERSLogger:146 - Successful login of username: jack
2018-05-14 04:49:44 INFO  ERSLogger:106 - Retrieved full data of username: jack
2018-05-14 04:49:44 INFO  ERSLogger:106 - Retrieved full data of username: jack
2018-05-14 04:49:44 INFO  ERSLogger:37 - Session has been set for Associate username: jack
2018-05-14 04:49:47 INFO  ERSLogger:78 - All reimbursement data retrieved.
2018-05-14 04:49:50 INFO  ERSLogger:78 - All reimbursement data retrieved.
2018-05-14 04:52:26 INFO  ERSLogger:146 - Successful login of username: jack
2018-05-14 04:52:26 INFO  ERSLogger:106 - Retrieved full data of username: jack
2018-05-14 04:52:26 INFO  ERSLogger:106 - Retrieved full data of username: jack
2018-05-14 04:52:26 INFO  ERSLogger:37 - Session has been set for Associate username: jack
2018-05-14 04:52:28 INFO  ERSLogger:78 - All reimbursement data retrieved.
2018-05-14 04:52:43 INFO  ERSLogger:78 - All reimbursement data retrieved.
2018-05-14 04:52:45 INFO  ERSLogger:78 - All reimbursement data retrieved.
2018-05-14 04:52:47 INFO  ERSLogger:78 - All reimbursement data retrieved.
2018-05-14 04:52:48 INFO  ERSLogger:78 - All reimbursement data retrieved.
2018-05-14 04:52:51 INFO  ERSLogger:78 - All reimbursement data retrieved.
2018-05-14 04:52:54 INFO  ERSLogger:78 - All reimbursement data retrieved.
2018-05-14 04:54:44 INFO  ERSLogger:78 - All reimbursement data retrieved.
2018-05-14 04:54:54 INFO  ERSLogger:78 - All reimbursement data retrieved.
2018-05-14 04:55:09 INFO  ERSLogger:78 - All reimbursement data retrieved.
2018-05-14 04:55:13 INFO  ERSLogger:78 - All reimbursement data retrieved.
2018-05-14 04:55:15 INFO  ERSLogger:78 - All reimbursement data retrieved.
2018-05-14 04:56:09 INFO  ERSLogger:146 - Successful login of username: jack
2018-05-14 04:56:10 INFO  ERSLogger:106 - Retrieved full data of username: jack
2018-05-14 04:56:10 INFO  ERSLogger:106 - Retrieved full data of username: jack
2018-05-14 04:56:10 INFO  ERSLogger:37 - Session has been set for Associate username: jack
2018-05-14 04:56:12 INFO  ERSLogger:78 - All reimbursement data retrieved.
2018-05-14 04:56:15 INFO  ERSLogger:78 - All reimbursement data retrieved.
2018-05-14 04:56:22 INFO  ERSLogger:78 - All reimbursement data retrieved.
2018-05-14 04:56:23 INFO  ERSLogger:78 - All reimbursement data retrieved.
2018-05-14 04:56:25 INFO  ERSLogger:78 - All reimbursement data retrieved.
2018-05-14 04:56:26 INFO  ERSLogger:78 - All reimbursement data retrieved.
2018-05-14 04:57:33 INFO  ERSLogger:146 - Successful login of username: jack
2018-05-14 04:57:33 INFO  ERSLogger:106 - Retrieved full data of username: jack
2018-05-14 04:57:33 INFO  ERSLogger:106 - Retrieved full data of username: jack
2018-05-14 04:57:34 INFO  ERSLogger:37 - Session has been set for Associate username: jack
2018-05-14 04:57:36 INFO  ERSLogger:78 - All reimbursement data retrieved.
2018-05-14 05:01:51 INFO  ERSLogger:146 - Successful login of username: jack
2018-05-14 05:01:51 INFO  ERSLogger:106 - Retrieved full data of username: jack
2018-05-14 05:01:52 INFO  ERSLogger:106 - Retrieved full data of username: jack
2018-05-14 05:01:52 INFO  ERSLogger:37 - Session has been set for Associate username: jack
2018-05-14 05:01:54 INFO  ERSLogger:78 - All reimbursement data retrieved.
2018-05-14 05:02:08 INFO  ERSLogger:78 - All reimbursement data retrieved.
2018-05-14 05:02:11 INFO  ERSLogger:78 - All reimbursement data retrieved.
2018-05-14 05:02:43 INFO  ERSLogger:78 - All reimbursement data retrieved.
2018-05-14 05:04:43 INFO  ERSLogger:146 - Successful login of username: kirk
2018-05-14 05:04:43 INFO  ERSLogger:106 - Retrieved full data of username: kirk
2018-05-14 05:04:44 INFO  ERSLogger:106 - Retrieved full data of username: kirk
2018-05-14 05:04:44 INFO  ERSLogger:31 - Session has been set for Financial Manager username: kirk
2018-05-14 05:04:48 INFO  ERSLogger:50 - Successful logout!
2018-05-14 05:04:53 INFO  ERSLogger:146 - Successful login of username: jack
2018-05-14 05:04:53 INFO  ERSLogger:106 - Retrieved full data of username: jack
2018-05-14 05:04:53 INFO  ERSLogger:106 - Retrieved full data of username: jack
2018-05-14 05:04:53 INFO  ERSLogger:37 - Session has been set for Associate username: jack
2018-05-14 05:04:56 INFO  ERSLogger:78 - All reimbursement data retrieved.
2018-05-14 05:04:58 INFO  ERSLogger:78 - All reimbursement data retrieved.
2018-05-14 05:05:02 INFO  ERSLogger:78 - All reimbursement data retrieved.
2018-05-14 05:05:04 INFO  ERSLogger:78 - All reimbursement data retrieved.
2018-05-14 05:05:32 INFO  ERSLogger:146 - Successful login of username: jack
2018-05-14 05:05:32 INFO  ERSLogger:106 - Retrieved full data of username: jack
2018-05-14 05:05:32 INFO  ERSLogger:106 - Retrieved full data of username: jack
2018-05-14 05:05:32 INFO  ERSLogger:37 - Session has been set for Associate username: jack
2018-05-14 05:05:34 INFO  ERSLogger:78 - All reimbursement data retrieved.
2018-05-14 05:08:21 INFO  ERSLogger:146 - Successful login of username: jack
2018-05-14 05:08:21 INFO  ERSLogger:106 - Retrieved full data of username: jack
2018-05-14 05:08:21 INFO  ERSLogger:106 - Retrieved full data of username: jack
2018-05-14 05:08:21 INFO  ERSLogger:37 - Session has been set for Associate username: jack
2018-05-14 05:08:23 INFO  ERSLogger:78 - All reimbursement data retrieved.
2018-05-14 05:08:30 INFO  ERSLogger:78 - All reimbursement data retrieved.
2018-05-14 05:08:32 INFO  ERSLogger:78 - All reimbursement data retrieved.
2018-05-14 05:08:34 INFO  ERSLogger:78 - All reimbursement data retrieved.
2018-05-14 05:08:39 INFO  ERSLogger:78 - All reimbursement data retrieved.
2018-05-14 05:08:41 INFO  ERSLogger:78 - All reimbursement data retrieved.
2018-05-14 05:11:03 INFO  ERSLogger:146 - Successful login of username: jack
2018-05-14 05:11:03 INFO  ERSLogger:106 - Retrieved full data of username: jack
2018-05-14 05:11:03 INFO  ERSLogger:106 - Retrieved full data of username: jack
2018-05-14 05:11:03 INFO  ERSLogger:37 - Session has been set for Associate username: jack
2018-05-14 05:11:06 INFO  ERSLogger:78 - All reimbursement data retrieved.
2018-05-14 05:11:09 INFO  ERSLogger:78 - All reimbursement data retrieved.
2018-05-14 05:11:11 INFO  ERSLogger:78 - All reimbursement data retrieved.
2018-05-14 05:11:13 INFO  ERSLogger:78 - All reimbursement data retrieved.
2018-05-14 05:22:34 INFO  ERSLogger:146 - Successful login of username: jack
2018-05-14 05:22:34 INFO  ERSLogger:106 - Retrieved full data of username: jack
2018-05-14 05:22:35 INFO  ERSLogger:106 - Retrieved full data of username: jack
2018-05-14 05:22:35 INFO  ERSLogger:37 - Session has been set for Associate username: jack
2018-05-14 05:22:37 INFO  ERSLogger:78 - All reimbursement data retrieved.
2018-05-14 05:22:56 INFO  ERSLogger:78 - All reimbursement data retrieved.
2018-05-14 05:22:58 INFO  ERSLogger:78 - All reimbursement data retrieved.
2018-05-14 05:23:00 INFO  ERSLogger:78 - All reimbursement data retrieved.
2018-05-14 05:30:41 INFO  ERSLogger:146 - Successful login of username: jack
2018-05-14 05:30:41 INFO  ERSLogger:106 - Retrieved full data of username: jack
2018-05-14 05:30:41 INFO  ERSLogger:106 - Retrieved full data of username: jack
2018-05-14 05:30:41 INFO  ERSLogger:37 - Session has been set for Associate username: jack
2018-05-14 05:30:45 INFO  ERSLogger:78 - All reimbursement data retrieved.
2018-05-14 05:31:06 INFO  ERSLogger:78 - All reimbursement data retrieved.
2018-05-14 05:31:09 INFO  ERSLogger:78 - All reimbursement data retrieved.
2018-05-14 05:31:10 INFO  ERSLogger:78 - All reimbursement data retrieved.
2018-05-14 05:32:34 INFO  ERSLogger:146 - Successful login of username: jack
2018-05-14 05:32:34 INFO  ERSLogger:106 - Retrieved full data of username: jack
2018-05-14 05:32:34 INFO  ERSLogger:106 - Retrieved full data of username: jack
2018-05-14 05:32:34 INFO  ERSLogger:37 - Session has been set for Associate username: jack
2018-05-14 05:32:36 INFO  ERSLogger:78 - All reimbursement data retrieved.
2018-05-14 05:36:30 INFO  ERSLogger:146 - Successful login of username: jack
2018-05-14 05:36:30 INFO  ERSLogger:106 - Retrieved full data of username: jack
2018-05-14 05:36:30 INFO  ERSLogger:106 - Retrieved full data of username: jack
2018-05-14 05:36:30 INFO  ERSLogger:37 - Session has been set for Associate username: jack
2018-05-14 05:36:33 INFO  ERSLogger:78 - All reimbursement data retrieved.
2018-05-14 05:38:47 INFO  ERSLogger:157 - Failed login of username: jack
2018-05-14 05:38:47 WARN  ERSLogger:43 - Failed login attempt.
2018-05-14 05:38:51 INFO  ERSLogger:146 - Successful login of username: jack
2018-05-14 05:38:51 INFO  ERSLogger:106 - Retrieved full data of username: jack
2018-05-14 05:38:51 INFO  ERSLogger:106 - Retrieved full data of username: jack
2018-05-14 05:38:51 INFO  ERSLogger:37 - Session has been set for Associate username: jack
2018-05-14 05:39:00 INFO  ERSLogger:78 - All reimbursement data retrieved.
2018-05-14 05:42:02 INFO  ERSLogger:146 - Successful login of username: jack
2018-05-14 05:42:02 INFO  ERSLogger:106 - Retrieved full data of username: jack
2018-05-14 05:42:02 INFO  ERSLogger:106 - Retrieved full data of username: jack
2018-05-14 05:42:02 INFO  ERSLogger:37 - Session has been set for Associate username: jack
2018-05-14 05:42:04 INFO  ERSLogger:78 - All reimbursement data retrieved.
2018-05-14 05:48:14 INFO  ERSLogger:146 - Successful login of username: jack
2018-05-14 05:48:14 INFO  ERSLogger:106 - Retrieved full data of username: jack
2018-05-14 05:48:15 INFO  ERSLogger:106 - Retrieved full data of username: jack
2018-05-14 05:48:15 INFO  ERSLogger:37 - Session has been set for Associate username: jack
2018-05-14 05:48:17 INFO  ERSLogger:78 - All reimbursement data retrieved.
2018-05-14 05:49:50 INFO  ERSLogger:50 - Successful logout!
2018-05-14 05:49:57 INFO  ERSLogger:146 - Successful login of username: kirk
2018-05-14 05:49:57 INFO  ERSLogger:106 - Retrieved full data of username: kirk
2018-05-14 05:49:57 INFO  ERSLogger:106 - Retrieved full data of username: kirk
2018-05-14 05:49:57 INFO  ERSLogger:31 - Session has been set for Financial Manager username: kirk
2018-05-14 05:49:59 INFO  ERSLogger:21 - Info was accessed!
2018-05-14 05:50:10 INFO  ERSLogger:78 - All reimbursement data retrieved.
2018-05-14 05:50:21 INFO  ERSLogger:78 - All reimbursement data retrieved.
2018-05-14 05:50:23 INFO  ERSLogger:78 - All reimbursement data retrieved.
2018-05-14 05:50:24 INFO  ERSLogger:78 - All reimbursement data retrieved.
2018-05-14 05:50:26 INFO  ERSLogger:78 - All reimbursement data retrieved.
2018-05-14 05:50:27 INFO  ERSLogger:78 - All reimbursement data retrieved.
2018-05-14 05:50:33 INFO  ERSLogger:78 - All reimbursement data retrieved.
2018-05-14 05:52:09 INFO  ERSLogger:146 - Successful login of username: kirk
2018-05-14 05:52:09 INFO  ERSLogger:106 - Retrieved full data of username: kirk
2018-05-14 05:52:09 INFO  ERSLogger:106 - Retrieved full data of username: kirk
2018-05-14 05:52:09 INFO  ERSLogger:31 - Session has been set for Financial Manager username: kirk
2018-05-14 05:52:19 INFO  ERSLogger:78 - All reimbursement data retrieved.
2018-05-14 05:52:40 INFO  ERSLogger:78 - All reimbursement data retrieved.
2018-05-14 05:52:42 INFO  ERSLogger:78 - All reimbursement data retrieved.
2018-05-14 05:52:43 INFO  ERSLogger:78 - All reimbursement data retrieved.
2018-05-14 05:52:49 INFO  ERSLogger:50 - Successful logout!
2018-05-14 05:53:01 INFO  ERSLogger:146 - Successful login of username: jill
2018-05-14 05:53:01 INFO  ERSLogger:106 - Retrieved full data of username: jill
2018-05-14 05:53:01 INFO  ERSLogger:106 - Retrieved full data of username: jill
2018-05-14 05:53:01 INFO  ERSLogger:37 - Session has been set for Associate username: jill
2018-05-14 05:53:03 INFO  ERSLogger:78 - All reimbursement data retrieved.
2018-05-14 05:53:52 INFO  ERSLogger:50 - Successful logout!
2018-05-14 05:54:04 INFO  ERSLogger:146 - Successful login of username: jill
2018-05-14 05:54:04 INFO  ERSLogger:106 - Retrieved full data of username: jill
2018-05-14 05:54:05 INFO  ERSLogger:106 - Retrieved full data of username: jill
2018-05-14 05:54:05 INFO  ERSLogger:37 - Session has been set for Associate username: jill
2018-05-14 05:54:07 INFO  ERSLogger:78 - All reimbursement data retrieved.
2018-05-14 05:55:22 INFO  ERSLogger:50 - Successful logout!
2018-05-14 05:55:29 INFO  ERSLogger:146 - Successful login of username: kirk
2018-05-14 05:55:30 INFO  ERSLogger:106 - Retrieved full data of username: kirk
2018-05-14 05:55:30 INFO  ERSLogger:106 - Retrieved full data of username: kirk
2018-05-14 05:55:30 INFO  ERSLogger:31 - Session has been set for Financial Manager username: kirk
2018-05-14 05:55:35 INFO  ERSLogger:50 - Successful logout!
2018-05-14 05:55:41 INFO  ERSLogger:146 - Successful login of username: jill
2018-05-14 05:55:41 INFO  ERSLogger:106 - Retrieved full data of username: jill
2018-05-14 05:55:41 INFO  ERSLogger:106 - Retrieved full data of username: jill
2018-05-14 05:55:41 INFO  ERSLogger:37 - Session has been set for Associate username: jill
2018-05-14 05:56:40 INFO  ERSLogger:50 - Successful logout!
2018-05-14 05:56:46 INFO  ERSLogger:146 - Successful login of username: jill
2018-05-14 05:56:46 INFO  ERSLogger:106 - Retrieved full data of username: jill
2018-05-14 05:56:46 INFO  ERSLogger:106 - Retrieved full data of username: jill
2018-05-14 05:56:46 INFO  ERSLogger:31 - Session has been set for Financial Manager username: jill
2018-05-14 05:56:49 INFO  ERSLogger:50 - Successful logout!
2018-05-14 06:03:36 INFO  ERSLogger:146 - Successful login of username: jill
2018-05-14 06:03:37 INFO  ERSLogger:106 - Retrieved full data of username: jill
2018-05-14 06:03:37 INFO  ERSLogger:106 - Retrieved full data of username: jill
2018-05-14 06:03:37 INFO  ERSLogger:31 - Session has been set for Financial Manager username: jill
2018-05-14 06:03:43 INFO  ERSLogger:78 - All reimbursement data retrieved.
2018-05-14 06:05:13 INFO  ERSLogger:146 - Successful login of username: jack
2018-05-14 06:05:13 INFO  ERSLogger:106 - Retrieved full data of username: jack
2018-05-14 06:05:14 INFO  ERSLogger:106 - Retrieved full data of username: jack
2018-05-14 06:05:14 INFO  ERSLogger:37 - Session has been set for Associate username: jack
2018-05-14 06:05:16 INFO  ERSLogger:78 - All reimbursement data retrieved.
2018-05-14 06:05:57 INFO  ERSLogger:78 - All reimbursement data retrieved.
2018-05-14 06:05:59 INFO  ERSLogger:78 - All reimbursement data retrieved.
2018-05-14 06:06:00 INFO  ERSLogger:78 - All reimbursement data retrieved.
2018-05-14 06:06:04 INFO  ERSLogger:50 - Successful logout!
2018-05-14 06:06:08 INFO  ERSLogger:146 - Successful login of username: kirk
2018-05-14 06:06:08 INFO  ERSLogger:106 - Retrieved full data of username: kirk
2018-05-14 06:06:08 INFO  ERSLogger:106 - Retrieved full data of username: kirk
2018-05-14 06:06:08 INFO  ERSLogger:31 - Session has been set for Financial Manager username: kirk
2018-05-14 06:06:15 INFO  ERSLogger:78 - All reimbursement data retrieved.
2018-05-14 06:06:19 INFO  ERSLogger:78 - All reimbursement data retrieved.
2018-05-14 06:06:20 INFO  ERSLogger:78 - All reimbursement data retrieved.
2018-05-14 06:06:22 INFO  ERSLogger:78 - All reimbursement data retrieved.
2018-05-14 06:31:04 INFO  ERSLogger:146 - Successful login of username: jack
2018-05-14 06:31:04 INFO  ERSLogger:106 - Retrieved full data of username: jack
2018-05-14 06:31:04 INFO  ERSLogger:106 - Retrieved full data of username: jack
2018-05-14 06:31:04 INFO  ERSLogger:37 - Session has been set for Associate username: jack
2018-05-14 06:31:10 INFO  ERSLogger:78 - All reimbursement data retrieved.
2018-05-14 06:31:12 INFO  ERSLogger:50 - Successful logout!
2018-05-14 06:31:16 INFO  ERSLogger:146 - Successful login of username: kirk
2018-05-14 06:31:16 INFO  ERSLogger:106 - Retrieved full data of username: kirk
2018-05-14 06:31:16 INFO  ERSLogger:106 - Retrieved full data of username: kirk
2018-05-14 06:31:16 INFO  ERSLogger:31 - Session has been set for Financial Manager username: kirk
2018-05-14 06:31:18 INFO  ERSLogger:78 - All reimbursement data retrieved.
2018-05-14 06:31:39 INFO  ERSLogger:78 - All reimbursement data retrieved.
2018-05-14 06:31:42 INFO  ERSLogger:78 - All reimbursement data retrieved.
2018-05-14 06:31:46 INFO  ERSLogger:78 - All reimbursement data retrieved.
2018-05-14 06:31:52 INFO  ERSLogger:50 - Successful logout!
2018-05-14 06:36:22 INFO  ERSLogger:146 - Successful login of username: jack
2018-05-14 06:36:22 INFO  ERSLogger:106 - Retrieved full data of username: jack
2018-05-14 06:36:22 INFO  ERSLogger:106 - Retrieved full data of username: jack
2018-05-14 06:36:22 INFO  ERSLogger:37 - Session has been set for Associate username: jack
2018-05-14 06:36:25 INFO  ERSLogger:78 - All reimbursement data retrieved.
2018-05-14 06:36:38 INFO  ERSLogger:21 - Info was accessed!
2018-05-14 06:38:00 INFO  ERSLogger:146 - Successful login of username: jack
2018-05-14 06:38:00 INFO  ERSLogger:106 - Retrieved full data of username: jack
2018-05-14 06:38:01 INFO  ERSLogger:106 - Retrieved full data of username: jack
2018-05-14 06:38:01 INFO  ERSLogger:37 - Session has been set for Associate username: jack
2018-05-14 06:38:03 INFO  ERSLogger:78 - All reimbursement data retrieved.
2018-05-14 06:38:04 INFO  ERSLogger:21 - Info was accessed!
2018-05-14 06:39:57 INFO  ERSLogger:146 - Successful login of username: jack
2018-05-14 06:39:57 INFO  ERSLogger:106 - Retrieved full data of username: jack
2018-05-14 06:39:57 INFO  ERSLogger:106 - Retrieved full data of username: jack
2018-05-14 06:39:57 INFO  ERSLogger:37 - Session has been set for Associate username: jack
2018-05-14 06:40:07 INFO  ERSLogger:78 - All reimbursement data retrieved.
2018-05-14 06:40:09 INFO  ERSLogger:21 - Info was accessed!
2018-05-14 06:40:25 INFO  ERSLogger:78 - All reimbursement data retrieved.
2018-05-14 06:41:19 INFO  ERSLogger:21 - Info was accessed!
2018-05-14 06:43:00 INFO  ERSLogger:146 - Successful login of username: jack
2018-05-14 06:43:00 INFO  ERSLogger:106 - Retrieved full data of username: jack
2018-05-14 06:43:00 INFO  ERSLogger:106 - Retrieved full data of username: jack
2018-05-14 06:43:00 INFO  ERSLogger:37 - Session has been set for Associate username: jack
2018-05-14 06:43:01 INFO  ERSLogger:21 - Info was accessed!
2018-05-14 09:02:41 INFO  ERSLogger:146 - Successful login of username: jack
2018-05-14 09:02:42 INFO  ERSLogger:106 - Retrieved full data of username: jack
2018-05-14 09:02:42 INFO  ERSLogger:106 - Retrieved full data of username: jack
2018-05-14 09:02:42 INFO  ERSLogger:37 - Session has been set for Associate username: jack
2018-05-14 09:02:46 INFO  ERSLogger:21 - Info was accessed!
2018-05-14 09:03:00 INFO  ERSLogger:21 - Info was accessed!
2018-05-14 09:03:02 INFO  ERSLogger:50 - Successful logout!
2018-05-14 13:10:00 INFO  ERSLogger:146 - Successful login of username: kirk
2018-05-14 13:10:01 INFO  ERSLogger:106 - Retrieved full data of username: kirk
2018-05-14 13:10:01 INFO  ERSLogger:106 - Retrieved full data of username: kirk
2018-05-14 13:10:01 INFO  ERSLogger:31 - Session has been set for Financial Manager username: kirk
2018-05-14 13:10:11 INFO  ERSLogger:78 - All reimbursement data retrieved.
2018-05-14 13:10:22 INFO  ERSLogger:21 - Info was accessed!
2018-05-14 13:10:31 INFO  ERSLogger:21 - Info was accessed!
2018-05-14 13:11:03 INFO  ERSLogger:50 - Successful logout!
2018-05-14 13:11:10 INFO  ERSLogger:146 - Successful login of username: jack
2018-05-14 13:11:11 INFO  ERSLogger:106 - Retrieved full data of username: jack
2018-05-14 13:11:11 INFO  ERSLogger:106 - Retrieved full data of username: jack
2018-05-14 13:11:11 INFO  ERSLogger:37 - Session has been set for Associate username: jack
2018-05-14 13:11:18 INFO  ERSLogger:21 - Info was accessed!
2018-05-14 13:11:43 INFO  ERSLogger:78 - All reimbursement data retrieved.
2018-05-14 13:11:53 INFO  ERSLogger:78 - All reimbursement data retrieved.
2018-05-14 13:11:55 INFO  ERSLogger:78 - All reimbursement data retrieved.
2018-05-14 13:11:59 INFO  ERSLogger:78 - All reimbursement data retrieved.
2018-05-14 13:12:52 INFO  ERSLogger:78 - All reimbursement data retrieved.
2018-05-14 13:12:54 INFO  ERSLogger:78 - All reimbursement data retrieved.
2018-05-14 13:12:56 INFO  ERSLogger:78 - All reimbursement data retrieved.
2018-05-14 13:12:58 INFO  ERSLogger:78 - All reimbursement data retrieved.
2018-05-14 13:13:00 INFO  ERSLogger:78 - All reimbursement data retrieved.
2018-05-14 13:14:09 INFO  ERSLogger:21 - Info was accessed!
2018-05-14 13:23:59 INFO  ERSLogger:146 - Successful login of username: kirk
2018-05-14 13:23:59 INFO  ERSLogger:106 - Retrieved full data of username: kirk
2018-05-14 13:23:59 INFO  ERSLogger:106 - Retrieved full data of username: kirk
2018-05-14 13:23:59 INFO  ERSLogger:31 - Session has been set for Financial Manager username: kirk
2018-05-14 13:24:06 INFO  ERSLogger:78 - All reimbursement data retrieved.
2018-05-14 13:24:17 INFO  ERSLogger:21 - Info was accessed!
2018-05-14 13:24:31 INFO  ERSLogger:78 - All reimbursement data retrieved.
2018-05-14 13:24:31 INFO  ERSLogger:21 - Info was accessed!
2018-05-14 13:24:37 INFO  ERSLogger:78 - All reimbursement data retrieved.
2018-05-14 13:24:40 INFO  ERSLogger:78 - All reimbursement data retrieved.
2018-05-14 13:24:59 INFO  ERSLogger:50 - Successful logout!
2018-05-14 13:26:27 INFO  ERSLogger:146 - Successful login of username: kirk
2018-05-14 13:26:27 INFO  ERSLogger:106 - Retrieved full data of username: kirk
2018-05-14 13:26:27 INFO  ERSLogger:106 - Retrieved full data of username: kirk
2018-05-14 13:26:27 INFO  ERSLogger:31 - Session has been set for Financial Manager username: kirk
2018-05-14 13:26:40 INFO  ERSLogger:78 - All reimbursement data retrieved.
2018-05-14 13:26:41 INFO  ERSLogger:21 - Info was accessed!
