2018-04-27 21:51:48 TRACE BankLogger:17 - Initializing...
2018-04-27 21:55:46 TRACE BankLogger:17 - Initializing...
2018-04-27 21:56:04 TRACE BankLogger:72 - Admin: Jesse Skipper logged out.
2018-04-27 21:56:27 TRACE BankLogger:33 - New Account: Han Solo
2018-04-27 21:56:50 TRACE BankLogger:33 - New Account: Heath Ledger
2018-04-27 21:57:22 TRACE BankLogger:33 - New Account: Christian Bale
2018-04-27 21:57:42 TRACE BankLogger:237 - Administator: Jesse Skipper approved all pending accounts.
2018-04-27 21:58:19 TRACE BankLogger:153 - Administator: Jesse Skipper deleted an account.
2018-04-27 21:58:24 TRACE BankLogger:119 - Administator: Jesse Skipper locked an account.
2018-04-27 21:58:37 TRACE BankLogger:119 - Administator: Jesse Skipper locked an account.
2018-04-27 21:58:42 TRACE BankLogger:72 - Admin: Jesse Skipper logged out.
2018-04-27 21:58:49 TRACE BankLogger:101 - User: Allison Skipper logged out.
2018-04-27 21:58:55 TRACE BankLogger:15 - Storing data...
2018-04-27 21:58:55 TRACE BankLogger:16 - Data stored. System close.
2018-04-27 21:58:55 TRACE BankLogger:17 - =============================
2018-04-28 14:41:10 TRACE BankLogger:17 - Initializing...
2018-04-28 14:41:16 TRACE BankLogger:15 - Storing data...
2018-04-28 14:41:16 TRACE BankLogger:16 - Data stored. System close.
2018-04-28 14:41:16 TRACE BankLogger:17 - =============================
2018-04-28 14:42:07 TRACE BankLogger:17 - Initializing...
2018-04-28 14:43:02 TRACE BankLogger:15 - Storing data...
2018-04-28 14:43:02 TRACE BankLogger:16 - Data stored. System close.
2018-04-28 14:43:02 TRACE BankLogger:17 - =============================
2018-04-28 14:44:26 TRACE BankLogger:17 - Initializing...
2018-04-28 14:45:19 TRACE BankLogger:17 - Initializing...
2018-04-28 14:45:48 TRACE BankLogger:15 - Storing data...
2018-04-28 14:45:48 TRACE BankLogger:16 - Data stored. System close.
2018-04-28 14:45:48 TRACE BankLogger:17 - =============================
2018-04-28 14:46:15 TRACE BankLogger:17 - Initializing...
2018-04-28 14:46:40 TRACE BankLogger:78 - User: Allison Skipper logged out.
2018-04-28 14:46:42 TRACE BankLogger:15 - Storing data...
2018-04-28 14:46:42 TRACE BankLogger:16 - Data stored. System close.
2018-04-28 14:46:42 TRACE BankLogger:17 - =============================
2018-04-28 15:07:45 TRACE BankLogger:17 - Initializing...
2018-04-28 15:08:33 TRACE BankLogger:87 - User: Allison Skipper logged out.
2018-04-28 15:08:34 TRACE BankLogger:15 - Storing data...
2018-04-28 15:08:34 TRACE BankLogger:16 - Data stored. System close.
2018-04-28 15:08:34 TRACE BankLogger:17 - =============================
2018-04-28 15:11:06 TRACE BankLogger:17 - Initializing...
2018-04-28 15:11:19 TRACE BankLogger:17 - Initializing...
2018-04-28 15:11:53 TRACE BankLogger:87 - User: Allison Skipper logged out.
2018-04-28 15:11:53 TRACE BankLogger:15 - Storing data...
2018-04-28 15:11:53 TRACE BankLogger:16 - Data stored. System close.
2018-04-28 15:11:53 TRACE BankLogger:17 - =============================
2018-04-28 15:44:19 TRACE BankLogger:17 - Initializing...
2018-04-28 15:44:31 TRACE BankLogger:63 - User: Jesse Skipper logged in.
2018-04-28 15:45:40 TRACE BankLogger:17 - Initializing...
2018-04-28 15:45:49 TRACE BankLogger:63 - User: Jesse Skipper logged in.
2018-04-28 15:46:04 TRACE BankLogger:103 - User: Jesse Skipper logged out.
2018-04-28 15:46:05 TRACE BankLogger:72 - Admin: Jesse Skipper logged out.
2018-04-28 15:50:41 TRACE BankLogger:17 - Initializing...
2018-04-28 15:50:49 TRACE BankLogger:63 - User: Jesse Skipper logged in.
2018-04-28 15:50:56 TRACE BankLogger:108 - User: Jesse Skipper logged out.
2018-04-28 15:50:57 TRACE BankLogger:72 - Admin: Jesse Skipper logged out.
2018-04-28 15:51:09 TRACE BankLogger:108 - User: Allison Skipper logged out.
2018-04-28 15:51:10 TRACE BankLogger:15 - Storing data...
2018-04-28 15:51:10 TRACE BankLogger:16 - Data stored. System close.
2018-04-28 15:51:10 TRACE BankLogger:17 - =============================
2018-04-28 16:04:15 TRACE BankLogger:17 - Initializing...
2018-04-28 16:04:25 TRACE BankLogger:63 - User: Jesse Skipper logged in.
2018-04-28 16:05:43 TRACE BankLogger:122 - User: Jesse Skipper logged out.
2018-04-28 16:05:44 TRACE BankLogger:72 - Admin: Jesse Skipper logged out.
2018-04-28 16:05:46 TRACE BankLogger:15 - Storing data...
2018-04-28 16:05:46 TRACE BankLogger:16 - Data stored. System close.
2018-04-28 16:05:46 TRACE BankLogger:17 - =============================
2018-04-28 16:07:28 TRACE BankLogger:17 - Initializing...
2018-04-28 16:07:36 TRACE BankLogger:63 - User: Jesse Skipper logged in.
