2018-05-13 08:54:13 INFO  LogThis:25 - Returning LoginFactory from /login
2018-05-13 08:56:48 WARN  LogThis:29 - ORA-00933: SQL command not properly ended

2018-05-13 08:56:48 WARN  LogThis:29 - SQL state: 42000
2018-05-13 08:56:48 WARN  LogThis:29 - Error Code: 933
2018-05-13 08:59:15 WARN  LogThis:29 - ORA-01722: invalid number

2018-05-13 08:59:15 WARN  LogThis:29 - SQL state: 42000
2018-05-13 08:59:15 WARN  LogThis:29 - Error Code: 1722
2018-05-13 08:59:36 WARN  LogThis:29 - ORA-01722: invalid number

2018-05-13 08:59:36 WARN  LogThis:29 - SQL state: 42000
2018-05-13 08:59:36 WARN  LogThis:29 - Error Code: 1722
2018-05-13 09:01:34 INFO  LogThis:25 - Returning LoginFactory from /login
2018-05-13 09:10:19 INFO  LogThis:25 - Returning LoginFactory from /login
2018-05-13 09:14:27 INFO  LogThis:25 - Returning LoginFactory from /login
2018-05-13 09:22:59 WARN  LogThis:29 - ResultSet.next was not called
2018-05-13 09:22:59 WARN  LogThis:29 - SQL state: 99999
2018-05-13 09:22:59 WARN  LogThis:29 - Error Code: 17014
2018-05-13 09:26:41 WARN  LogThis:29 - ResultSet.next was not called
2018-05-13 09:26:41 WARN  LogThis:29 - SQL state: 99999
2018-05-13 09:26:41 WARN  LogThis:29 - Error Code: 17014
2018-05-13 09:28:02 WARN  LogThis:29 - ResultSet.next was not called
2018-05-13 09:28:02 WARN  LogThis:29 - SQL state: 99999
2018-05-13 09:28:02 WARN  LogThis:29 - Error Code: 17014
2018-05-13 09:28:02 WARN  LogThis:29 - ResultSet.next was not called
2018-05-13 09:28:02 WARN  LogThis:29 - SQL state: 99999
2018-05-13 09:28:02 WARN  LogThis:29 - Error Code: 17014
2018-05-13 09:32:52 WARN  LogThis:29 - ..\..\..\db_properties\ers_db.properties (The system cannot find the path specified)
