2018-04-20 21:21:32 TRACE Initialization:17 - Initializing...
2018-04-20 21:21:32 TRACE Initialization:28 - Skipping first time setup...
2018-04-20 21:21:32 TRACE Initialization:69 - Deserialization complete...
2018-04-20 21:22:01 TRACE Initialization:17 - Initializing...
2018-04-20 21:22:01 TRACE Initialization:28 - Skipping first time setup...
2018-04-20 21:22:01 TRACE Initialization:69 - Deserialization complete...
2018-04-20 21:22:12 TRACE Initialization:13 - Storing data...
2018-04-20 21:22:12 TRACE Initialization:88 - Serialization complete...
2018-04-20 21:22:12 TRACE Initialization:16 - Data stored. System close.
2018-04-20 21:22:38 TRACE Initialization:17 - Initializing...
2018-04-20 21:22:38 TRACE Initialization:28 - Skipping first time setup...
2018-04-20 21:22:38 TRACE Initialization:69 - Deserialization complete...
2018-04-20 21:23:32 TRACE Initialization:45 - New Account: EthanHawke
2018-04-20 21:23:51 TRACE Initialization:45 - New Account: JasonBourne
2018-04-20 21:24:28 TRACE Initialization:54 - Nothing suspicious happened here...
2018-04-20 21:24:41 TRACE Initialization:319 - Administator: Jesse Skipper approved all accounts.
2018-04-20 21:24:58 TRACE Initialization:171 - Administator: Jesse Skipper deleted an account.
2018-04-20 21:25:17 TRACE Initialization:199 - Administator: Jesse Skipper promoted an account.
2018-04-20 21:25:26 TRACE Initialization:117 - Administator: Jesse Skipper locked an account.
2018-04-20 21:25:43 TRACE Initialization:47 - User: Jesse Skipper made a deposit.
2018-04-20 21:25:48 TRACE Initialization:91 - User: Jesse Skipper logged out.
2018-04-20 21:25:48 TRACE Initialization:67 - Admin: Jesse Skipper logged out.
2018-04-20 21:25:50 TRACE Initialization:13 - Storing data...
2018-04-20 21:25:50 TRACE Initialization:88 - Serialization complete...
2018-04-20 21:25:50 TRACE Initialization:16 - Data stored. System close.
2018-04-22 16:37:23 TRACE Initialization:17 - Initializing...
2018-04-22 16:37:23 TRACE Initialization:27 - Skipping first time setup...
2018-04-22 16:37:23 TRACE Initialization:70 - Deserialization complete...
2018-04-22 16:37:42 TRACE Initialization:45 - New Account: Timmy Turner
2018-04-22 16:41:56 TRACE Initialization:17 - Initializing...
2018-04-22 16:41:56 TRACE Initialization:27 - Skipping first time setup...
2018-04-22 16:41:56 TRACE Initialization:70 - Deserialization complete...
2018-04-22 16:42:43 TRACE Initialization:45 - New Account: Jimbo Malone
2018-04-22 16:43:57 TRACE Initialization:17 - Initializing...
2018-04-22 16:43:57 TRACE Initialization:27 - Skipping first time setup...
2018-04-22 16:43:57 TRACE Initialization:70 - Deserialization complete...
2018-04-22 16:44:14 TRACE Initialization:45 - New Account: Fred Tomb
2018-04-22 16:44:43 TRACE Initialization:17 - Initializing...
2018-04-22 16:44:43 TRACE Initialization:27 - Skipping first time setup...
2018-04-22 16:44:43 TRACE Initialization:70 - Deserialization complete...
2018-04-22 16:45:04 TRACE Initialization:45 - New Account: Bob Bobberson
2018-04-22 16:46:23 TRACE Initialization:17 - Initializing...
2018-04-22 16:46:23 TRACE Initialization:27 - Skipping first time setup...
2018-04-22 16:46:23 TRACE Initialization:70 - Deserialization complete...
2018-04-22 16:46:35 TRACE Initialization:45 - New Account: Chris Wilson
2018-04-22 16:46:43 TRACE Initialization:100 - Administator logged in: Jesse Skipper
2018-04-22 16:47:26 TRACE Initialization:17 - Initializing...
2018-04-22 16:47:26 TRACE Initialization:27 - Skipping first time setup...
2018-04-22 16:47:26 TRACE Initialization:70 - Deserialization complete...
2018-04-22 16:47:45 TRACE Initialization:44 - New Account:  Megan
2018-04-22 16:47:59 TRACE Initialization:44 - New Account:  Yoda
2018-04-22 16:48:02 TRACE Initialization:13 - Storing data...
2018-04-22 16:48:02 TRACE Initialization:89 - Serialization complete...
2018-04-22 16:48:02 TRACE Initialization:16 - Data stored. System close.
2018-04-22 16:48:02 TRACE Initialization:17 - =============================
2018-04-22 16:51:38 TRACE Initialization:17 - Initializing...
2018-04-22 16:51:38 TRACE Initialization:27 - Skipping first time setup...
2018-04-22 16:51:38 TRACE Initialization:70 - Deserialization complete...
2018-04-22 16:51:45 TRACE Initialization:55 - Nothing suspicious happened here...
2018-04-22 16:52:02 TRACE Initialization:356 - Administator: Jesse Skipper denied all accounts.
2018-04-22 16:52:08 TRACE Initialization:379 - Administator: Jesse Skipper deleted denied accounts.
2018-04-22 16:52:18 TRACE Initialization:13 - Storing data...
2018-04-22 16:52:18 TRACE Initialization:89 - Serialization complete...
2018-04-22 16:52:18 TRACE Initialization:16 - Data stored. System close.
2018-04-22 16:52:18 TRACE Initialization:17 - =============================
2018-04-22 16:52:31 TRACE Initialization:17 - Initializing...
2018-04-22 16:52:31 TRACE Initialization:27 - Skipping first time setup...
2018-04-22 16:52:31 TRACE Initialization:70 - Deserialization complete...
2018-04-22 16:52:46 TRACE Initialization:55 - Nothing suspicious happened here...
2018-04-22 16:53:08 TRACE Initialization:59 - User: Jesse Skipper logged in.
2018-04-22 16:53:15 TRACE Initialization:49 - User: Jesse Skipper made a deposit.
2018-04-22 16:53:22 TRACE Initialization:75 - User: Jesse Skipper made a withdrawal.
2018-04-22 16:53:30 TRACE Initialization:100 - User: Jesse Skipper logged out.
2018-04-22 16:53:57 TRACE Initialization:68 - Admin: Jesse Skipper logged out.
2018-04-22 16:54:31 TRACE Initialization:95 - Administator logged in: Jesse Skipper
2018-04-22 16:54:32 TRACE Initialization:68 - Admin: Jesse Skipper logged out.
2018-04-22 16:54:39 TRACE Initialization:55 - Nothing suspicious happened here...
2018-04-22 16:54:41 TRACE Initialization:68 - Admin: Jesse Skipper logged out.
2018-04-22 16:54:47 TRACE Initialization:13 - Storing data...
2018-04-22 16:54:47 TRACE Initialization:89 - Serialization complete...
2018-04-22 16:54:47 TRACE Initialization:16 - Data stored. System close.
2018-04-22 16:54:47 TRACE Initialization:17 - =============================
2018-04-22 16:55:05 TRACE Initialization:17 - Initializing...
2018-04-22 16:55:05 TRACE Initialization:27 - Skipping first time setup...
2018-04-22 16:55:05 TRACE Initialization:70 - Deserialization complete...
2018-04-22 16:55:12 TRACE Initialization:55 - Nothing suspicious happened here...
2018-04-22 16:55:13 TRACE Initialization:68 - Admin: Jesse Skipper logged out.
2018-04-22 16:55:15 TRACE Initialization:13 - Storing data...
2018-04-22 16:55:15 TRACE Initialization:89 - Serialization complete...
2018-04-22 16:55:15 TRACE Initialization:16 - Data stored. System close.
2018-04-22 16:55:15 TRACE Initialization:17 - =============================
2018-04-22 16:55:44 TRACE Initialization:17 - Initializing...
2018-04-22 16:55:44 TRACE Initialization:27 - Skipping first time setup...
2018-04-22 16:55:44 TRACE Initialization:70 - Deserialization complete...
2018-04-22 16:56:00 TRACE Initialization:55 - Nothing suspicious happened here...
2018-04-22 16:56:01 TRACE Initialization:59 - User: Jesse Skipper logged in.
2018-04-22 16:56:07 TRACE Initialization:100 - User: Jesse Skipper logged out.
2018-04-22 16:56:08 TRACE Initialization:68 - Admin: Jesse Skipper logged out.
2018-04-22 16:56:09 TRACE Initialization:13 - Storing data...
2018-04-22 16:56:09 TRACE Initialization:89 - Serialization complete...
2018-04-22 16:56:09 TRACE Initialization:16 - Data stored. System close.
2018-04-22 16:56:09 TRACE Initialization:17 - =============================
2018-04-25 20:54:20 TRACE Initialization:18 - Initializing...
2018-04-25 20:54:20 TRACE Initialization:28 - Skipping first time setup...
2018-04-25 20:54:20 WARN  Initialization:74 - There was an error getting user class information from the system.
2018-04-25 20:56:06 TRACE Initialization:13 - Storing data...
2018-04-25 20:56:06 TRACE Initialization:89 - Serialization complete...
2018-04-25 20:56:06 TRACE Initialization:16 - Data stored. System close.
2018-04-25 20:56:06 TRACE Initialization:17 - =============================
2018-04-25 20:56:11 TRACE Initialization:18 - Initializing...
2018-04-25 20:56:11 TRACE Initialization:28 - Skipping first time setup...
2018-04-25 20:56:11 WARN  Initialization:72 - There was an error reading user information from the system.
2018-04-25 20:58:08 TRACE Initialization:18 - Initializing...
2018-04-25 20:58:08 TRACE Initialization:28 - Skipping first time setup...
2018-04-25 20:58:08 WARN  Initialization:72 - There was an error reading user information from the system.
2018-04-25 20:58:47 TRACE Initialization:18 - Initializing...
2018-04-25 20:58:47 TRACE Initialization:28 - Skipping first time setup...
2018-04-25 20:58:48 WARN  Initialization:72 - There was an error reading user information from the system.
2018-04-25 20:59:29 TRACE Initialization:18 - Initializing...
2018-04-25 20:59:29 TRACE Initialization:28 - Skipping first time setup...
2018-04-25 20:59:29 WARN  Initialization:72 - There was an error reading user information from the system.
2018-04-25 20:59:37 TRACE Initialization:50 - Nothing suspicious happened here...
2018-04-25 21:00:17 TRACE Initialization:18 - Initializing...
2018-04-25 21:00:17 TRACE Initialization:28 - Skipping first time setup...
2018-04-25 21:00:17 WARN  Initialization:72 - There was an error reading user information from the system.
2018-04-25 21:00:57 TRACE Initialization:18 - Initializing...
2018-04-25 21:01:20 TRACE Initialization:18 - Initializing...
2018-04-25 21:01:29 TRACE Initialization:58 - First time setup complete...
2018-04-25 21:01:47 TRACE Initialization:44 - New Account: Allison Skipper
2018-04-25 21:02:02 TRACE Initialization:44 - New Account: Bill Nye
2018-04-25 21:02:24 TRACE Initialization:44 - New Account: Michael Scott
2018-04-25 21:02:29 TRACE Initialization:92 - Administator logged in: Jesse Skipper
2018-04-25 21:02:56 TRACE Initialization:298 - Administator: Jesse Skipper approved an account.
2018-04-25 21:03:03 TRACE Initialization:334 - Administator: Jesse Skipper denied an account.
2018-04-25 21:03:06 TRACE Initialization:319 - Administator: Jesse Skipper approved all accounts.
2018-04-25 21:03:14 FATAL Initialization:383 - FATAL ERROR.cme.printStackTrace()
2018-04-25 21:03:14 TRACE Initialization:13 - Storing data...
2018-04-25 21:03:14 TRACE Initialization:89 - Serialization complete...
2018-04-25 21:03:14 TRACE Initialization:16 - Data stored. System close.
2018-04-25 21:03:14 TRACE Initialization:17 - =============================
2018-04-25 21:03:39 TRACE Initialization:18 - Initializing...
2018-04-25 21:03:39 TRACE Initialization:28 - Skipping first time setup...
2018-04-25 21:03:39 TRACE Initialization:70 - Deserialization complete...
2018-04-25 21:03:45 TRACE Initialization:92 - Administator logged in: Jesse Skipper
2018-04-25 21:04:03 TRACE Initialization:378 - Administator: Jesse Skipper deleted denied accounts.
2018-04-25 21:04:19 TRACE Initialization:59 - User: Jesse Skipper logged in.
2018-04-25 21:04:26 TRACE Initialization:48 - User: Jesse Skipper made a deposit.
2018-04-25 21:04:32 TRACE Initialization:99 - User: Jesse Skipper logged out.
2018-04-25 21:04:37 TRACE Initialization:68 - Admin: Jesse Skipper logged out.
2018-04-25 21:04:52 TRACE Initialization:44 - New Account: Jamie Cocksucker
2018-04-25 21:05:00 TRACE Initialization:92 - Administator logged in: Jesse Skipper
2018-04-25 21:05:11 TRACE Initialization:355 - Administator: Jesse Skipper denied all accounts.
2018-04-25 21:05:15 FATAL Initialization:383 - FATAL ERROR.cme.printStackTrace()
2018-04-25 21:05:15 TRACE Initialization:13 - Storing data...
2018-04-25 21:05:15 TRACE Initialization:89 - Serialization complete...
2018-04-25 21:05:15 TRACE Initialization:16 - Data stored. System close.
2018-04-25 21:05:15 TRACE Initialization:17 - =============================
2018-04-25 21:05:24 TRACE Initialization:18 - Initializing...
2018-04-25 21:05:24 TRACE Initialization:28 - Skipping first time setup...
2018-04-25 21:05:24 TRACE Initialization:70 - Deserialization complete...
2018-04-25 21:05:37 TRACE Initialization:44 - New Account: Cock McCockface
2018-04-25 21:05:42 TRACE Initialization:92 - Administator logged in: Jesse Skipper
2018-04-25 21:07:03 TRACE Initialization:334 - Administator: Jesse Skipper denied an account.
2018-04-25 21:07:07 FATAL Initialization:383 - FATAL ERROR.cme.printStackTrace()
2018-04-25 21:07:07 TRACE Initialization:13 - Storing data...
2018-04-25 21:07:07 TRACE Initialization:89 - Serialization complete...
2018-04-25 21:07:07 TRACE Initialization:16 - Data stored. System close.
2018-04-25 21:07:07 TRACE Initialization:17 - =============================
2018-04-25 21:09:40 TRACE Initialization:18 - Initializing...
2018-04-25 21:09:40 TRACE Initialization:28 - Skipping first time setup...
2018-04-25 21:09:40 TRACE Initialization:70 - Deserialization complete...
2018-04-25 21:09:55 TRACE Initialization:44 - New Account: Cock Cock
2018-04-25 21:10:00 TRACE Initialization:92 - Administator logged in: Jesse Skipper
2018-04-25 21:10:04 TRACE Initialization:378 - Administator: Jesse Skipper deleted denied accounts.
2018-04-25 21:10:14 TRACE Initialization:355 - Administator: Jesse Skipper denied all accounts.
2018-04-25 21:10:17 FATAL Initialization:383 - FATAL ERROR.null
2018-04-25 21:10:17 TRACE Initialization:13 - Storing data...
2018-04-25 21:10:17 TRACE Initialization:89 - Serialization complete...
2018-04-25 21:10:17 TRACE Initialization:16 - Data stored. System close.
2018-04-25 21:10:17 TRACE Initialization:17 - =============================
2018-04-25 21:12:53 TRACE Initialization:18 - Initializing...
2018-04-25 21:12:53 TRACE Initialization:28 - Skipping first time setup...
2018-04-25 21:12:53 TRACE Initialization:70 - Deserialization complete...
2018-04-25 21:13:06 TRACE Initialization:44 - New Account: James Johnson
2018-04-25 21:13:11 TRACE Initialization:92 - Administator logged in: Jesse Skipper
2018-04-25 21:13:21 TRACE Initialization:355 - Administator: Jesse Skipper denied all accounts.
2018-04-25 21:13:23 FATAL Initialization:383 - FATAL ERROR.null
2018-04-25 21:13:23 TRACE Initialization:13 - Storing data...
2018-04-25 21:13:23 TRACE Initialization:89 - Serialization complete...
2018-04-25 21:13:23 TRACE Initialization:16 - Data stored. System close.
2018-04-25 21:13:23 TRACE Initialization:17 - =============================
2018-04-25 21:13:48 TRACE Initialization:18 - Initializing...
2018-04-25 21:13:48 TRACE Initialization:28 - Skipping first time setup...
2018-04-25 21:13:49 TRACE Initialization:70 - Deserialization complete...
2018-04-25 21:14:06 TRACE Initialization:44 - New Account: Dildo Man
2018-04-25 21:14:12 TRACE Initialization:92 - Administator logged in: Jesse Skipper
2018-04-25 21:14:27 TRACE Initialization:355 - Administator: Jesse Skipper denied all accounts.
2018-04-25 21:14:29 TRACE Initialization:68 - Admin: Jesse Skipper logged out.
2018-04-25 21:14:35 TRACE Initialization:13 - Storing data...
2018-04-25 21:14:35 TRACE Initialization:89 - Serialization complete...
2018-04-25 21:14:35 TRACE Initialization:16 - Data stored. System close.
2018-04-25 21:14:35 TRACE Initialization:17 - =============================
2018-04-25 21:14:38 TRACE Initialization:18 - Initializing...
2018-04-25 21:14:38 TRACE Initialization:28 - Skipping first time setup...
2018-04-25 21:14:38 TRACE Initialization:70 - Deserialization complete...
2018-04-25 21:14:45 TRACE Initialization:92 - Administator logged in: Jesse Skipper
2018-04-25 21:14:54 FATAL Initialization:383 - FATAL ERROR.null
2018-04-25 21:14:54 TRACE Initialization:13 - Storing data...
2018-04-25 21:14:54 TRACE Initialization:89 - Serialization complete...
2018-04-25 21:14:54 TRACE Initialization:16 - Data stored. System close.
2018-04-25 21:14:54 TRACE Initialization:17 - =============================
2018-04-25 21:15:09 TRACE Initialization:18 - Initializing...
2018-04-25 21:15:09 TRACE Initialization:28 - Skipping first time setup...
2018-04-25 21:15:09 TRACE Initialization:70 - Deserialization complete...
2018-04-25 21:15:20 TRACE Initialization:44 - New Account: Dildo Mcgee
2018-04-25 21:15:28 TRACE Initialization:92 - Administator logged in: Jesse Skipper
2018-04-25 21:15:34 TRACE Initialization:355 - Administator: Jesse Skipper denied all accounts.
2018-04-25 21:15:36 TRACE Initialization:68 - Admin: Jesse Skipper logged out.
2018-04-25 21:15:36 TRACE Initialization:13 - Storing data...
2018-04-25 21:15:36 TRACE Initialization:89 - Serialization complete...
2018-04-25 21:15:36 TRACE Initialization:16 - Data stored. System close.
2018-04-25 21:15:36 TRACE Initialization:17 - =============================
2018-04-25 21:15:39 TRACE Initialization:18 - Initializing...
2018-04-25 21:15:39 TRACE Initialization:28 - Skipping first time setup...
2018-04-25 21:15:39 TRACE Initialization:70 - Deserialization complete...
2018-04-25 21:16:09 TRACE Initialization:92 - Administator logged in: Jesse Skipper
2018-04-25 21:16:13 FATAL Initialization:383 - FATAL ERROR.null
2018-04-25 21:16:13 TRACE Initialization:13 - Storing data...
2018-04-25 21:16:13 TRACE Initialization:89 - Serialization complete...
2018-04-25 21:16:13 TRACE Initialization:16 - Data stored. System close.
2018-04-25 21:16:13 TRACE Initialization:17 - =============================
2018-04-25 21:18:19 TRACE Initialization:18 - Initializing...
2018-04-25 21:18:19 TRACE Initialization:28 - Skipping first time setup...
2018-04-25 21:18:19 TRACE Initialization:70 - Deserialization complete...
2018-04-25 21:18:30 TRACE Initialization:44 - New Account: Penis Penis
2018-04-25 21:18:36 TRACE Initialization:92 - Administator logged in: Jesse Skipper
2018-04-25 21:18:43 TRACE Initialization:355 - Administator: Jesse Skipper denied all accounts.
2018-04-25 21:18:44 FATAL Initialization:383 - FATAL ERROR.null
2018-04-25 21:18:44 TRACE Initialization:13 - Storing data...
2018-04-25 21:18:44 TRACE Initialization:89 - Serialization complete...
2018-04-25 21:18:44 TRACE Initialization:16 - Data stored. System close.
2018-04-25 21:18:44 TRACE Initialization:17 - =============================
2018-04-25 21:19:42 TRACE Initialization:18 - Initializing...
2018-04-25 21:19:42 TRACE Initialization:28 - Skipping first time setup...
2018-04-25 21:19:42 WARN  Initialization:72 - There was an error reading user information from the system.
2018-04-25 21:19:47 TRACE Initialization:92 - Administator logged in: Jesse Skipper
2018-04-25 21:20:09 TRACE Initialization:18 - Initializing...
2018-04-25 21:20:09 TRACE Initialization:28 - Skipping first time setup...
2018-04-25 21:20:09 TRACE Initialization:70 - Deserialization complete...
2018-04-25 21:20:21 TRACE Initialization:13 - Storing data...
2018-04-25 21:20:21 TRACE Initialization:89 - Serialization complete...
2018-04-25 21:20:21 TRACE Initialization:16 - Data stored. System close.
2018-04-25 21:20:21 TRACE Initialization:17 - =============================
