2018-04-27 20:58:18 INFO  LogThis:30 - Data was deserialized.
2018-04-27 20:58:18 INFO  LogThis:30 - Start Menu
2018-04-27 20:58:29 WARN  LogThis:34 - 
2018-04-27 20:58:29 INFO  LogThis:30 - Start Menu
2018-04-27 20:58:40 INFO  LogThis:30 - Login Menu
2018-04-27 20:58:49 INFO  LogThis:30 - Your username and/or password are incorrect
2018-04-27 21:07:53 INFO  LogThis:30 - Data was deserialized.
2018-04-27 21:07:53 INFO  LogThis:30 - Start Menu
2018-04-27 21:07:56 INFO  LogThis:30 - Login Menu
2018-04-27 21:08:00 WARN  LogThis:34 - 
2018-04-27 21:08:05 INFO  LogThis:30 - Start Menu
2018-04-27 21:08:21 WARN  LogThis:34 - 
2018-04-27 21:08:21 INFO  LogThis:30 - Start Menu
2018-04-27 21:08:54 INFO  LogThis:30 - Data was Serialized.
2018-04-27 21:09:58 INFO  LogThis:30 - Data was deserialized.
2018-04-27 21:09:58 INFO  LogThis:30 - Start Menu
2018-04-27 21:10:01 WARN  LogThis:34 - The number you chose was not an option on this menu.
2018-04-27 21:10:01 INFO  LogThis:30 - Start Menu
2018-04-27 21:10:05 INFO  LogThis:30 - Data was Serialized.
2018-04-28 21:43:51 WARN  LogThis:34 - ORA-01400: cannot insert NULL into ("JDBCBANK_USER"."STUDENT"."S_ID")
ORA-06512: at "JDBCBANK_USER.INSERT_STUDENT", line 5
ORA-06512: at line 1

2018-04-28 21:43:51 WARN  LogThis:34 - SQL state: 23000
2018-04-28 21:43:51 WARN  LogThis:34 - Error Code: 1400
2018-04-28 22:55:03 WARN  LogThis:34 - ORA-00904: "USERNAME": invalid identifier

2018-04-28 22:55:03 WARN  LogThis:34 - SQL state: 42000
2018-04-28 22:55:03 WARN  LogThis:34 - Error Code: 904
2018-04-28 22:55:04 WARN  LogThis:34 - ORA-00001: unique constraint (JDBCBANK_USER.UK_S_USERNAME) violated
ORA-06512: at "JDBCBANK_USER.INSERT_STUDENT", line 5
ORA-06512: at line 1

2018-04-28 22:55:04 WARN  LogThis:34 - SQL state: 23000
2018-04-28 22:55:04 WARN  LogThis:34 - Error Code: 1
2018-04-28 22:55:58 WARN  LogThis:34 - ORA-00904: "USERNAME": invalid identifier

2018-04-28 22:55:58 WARN  LogThis:34 - SQL state: 42000
2018-04-28 22:55:58 WARN  LogThis:34 - Error Code: 904
2018-04-28 22:56:22 WARN  LogThis:34 - ORA-00904: "USERNAME": invalid identifier

2018-04-28 22:56:22 WARN  LogThis:34 - SQL state: 42000
2018-04-28 22:56:22 WARN  LogThis:34 - Error Code: 904
2018-04-28 23:02:10 WARN  LogThis:34 - Invalid column name
2018-04-28 23:02:10 WARN  LogThis:34 - SQL state: 99999
2018-04-28 23:02:10 WARN  LogThis:34 - Error Code: 17006
2018-04-28 23:03:21 WARN  LogThis:34 - Invalid column name
2018-04-28 23:03:21 WARN  LogThis:34 - SQL state: 99999
2018-04-28 23:03:21 WARN  LogThis:34 - Error Code: 17006
2018-04-28 23:07:24 WARN  LogThis:34 - Invalid column name
2018-04-28 23:07:24 WARN  LogThis:34 - SQL state: 99999
2018-04-28 23:07:24 WARN  LogThis:34 - Error Code: 17006
2018-04-28 23:07:59 WARN  LogThis:34 - Invalid column name
2018-04-28 23:07:59 WARN  LogThis:34 - SQL state: 99999
2018-04-28 23:07:59 WARN  LogThis:34 - Error Code: 17006
2018-04-28 23:08:19 WARN  LogThis:34 - Invalid column name
2018-04-28 23:08:19 WARN  LogThis:34 - SQL state: 99999
2018-04-28 23:08:19 WARN  LogThis:34 - Error Code: 17006
2018-04-28 23:08:19 WARN  LogThis:34 - ORA-00001: unique constraint (JDBCBANK_USER.UK_S_USERNAME) violated
ORA-06512: at "JDBCBANK_USER.INSERT_STUDENT", line 5
ORA-06512: at line 1

2018-04-28 23:08:19 WARN  LogThis:34 - SQL state: 23000
2018-04-28 23:08:19 WARN  LogThis:34 - Error Code: 1
2018-04-28 23:11:10 WARN  LogThis:34 - ORA-00001: unique constraint (JDBCBANK_USER.UK_S_USERNAME) violated
ORA-06512: at "JDBCBANK_USER.INSERT_STUDENT", line 5
ORA-06512: at line 1

2018-04-28 23:11:10 WARN  LogThis:34 - SQL state: 23000
2018-04-28 23:11:10 WARN  LogThis:34 - Error Code: 1
2018-04-28 23:11:54 WARN  LogThis:34 - ORA-00001: unique constraint (JDBCBANK_USER.UK_S_USERNAME) violated
ORA-06512: at "JDBCBANK_USER.INSERT_STUDENT", line 5
ORA-06512: at line 1

2018-04-28 23:11:54 WARN  LogThis:34 - SQL state: 23000
2018-04-28 23:11:54 WARN  LogThis:34 - Error Code: 1
2018-04-28 23:13:04 WARN  LogThis:34 - ORA-00001: unique constraint (JDBCBANK_USER.UK_S_USERNAME) violated
ORA-06512: at "JDBCBANK_USER.INSERT_STUDENT", line 5
ORA-06512: at line 1

2018-04-28 23:13:04 WARN  LogThis:34 - SQL state: 23000
2018-04-28 23:13:04 WARN  LogThis:34 - Error Code: 1
2018-04-28 23:14:47 WARN  LogThis:34 - Invalid column name
2018-04-28 23:14:47 WARN  LogThis:34 - SQL state: 99999
2018-04-28 23:14:47 WARN  LogThis:34 - Error Code: 17006
2018-04-28 23:17:29 WARN  LogThis:34 - Invalid column name
2018-04-28 23:17:29 WARN  LogThis:34 - SQL state: 99999
2018-04-28 23:17:29 WARN  LogThis:34 - Error Code: 17006
2018-04-28 23:27:41 WARN  LogThis:34 - ResultSet.next was not called
2018-04-28 23:27:41 WARN  LogThis:34 - SQL state: 99999
2018-04-28 23:27:41 WARN  LogThis:34 - Error Code: 17014
2018-04-28 23:28:32 WARN  LogThis:34 - Invalid column name
2018-04-28 23:28:32 WARN  LogThis:34 - SQL state: 99999
2018-04-28 23:28:32 WARN  LogThis:34 - Error Code: 17006
2018-04-29 10:21:47 WARN  LogThis:34 - ORA-00001: unique constraint (JDBCBANK_USER.UK_S_USERNAME) violated
ORA-06512: at "JDBCBANK_USER.INSERT_STUDENT", line 5
ORA-06512: at line 1

2018-04-29 10:21:47 WARN  LogThis:34 - SQL state: 23000
2018-04-29 10:21:47 WARN  LogThis:34 - Error Code: 1
2018-04-29 10:43:41 WARN  LogThis:34 - ORA-00903: invalid table name

2018-04-29 10:43:41 WARN  LogThis:34 - SQL state: 42000
2018-04-29 10:43:41 WARN  LogThis:34 - Error Code: 903
2018-04-29 10:43:41 WARN  LogThis:34 - ORA-00001: unique constraint (JDBCBANK_USER.UK_S_USERNAME) violated
ORA-06512: at "JDBCBANK_USER.INSERT_STUDENT", line 5
ORA-06512: at line 1

2018-04-29 10:43:41 WARN  LogThis:34 - SQL state: 23000
2018-04-29 10:43:41 WARN  LogThis:34 - Error Code: 1
2018-04-29 10:45:47 WARN  LogThis:34 - ORA-00001: unique constraint (JDBCBANK_USER.UK_S_USERNAME) violated
ORA-06512: at "JDBCBANK_USER.INSERT_STUDENT", line 5
ORA-06512: at line 1

2018-04-29 10:45:47 WARN  LogThis:34 - SQL state: 23000
2018-04-29 10:45:47 WARN  LogThis:34 - Error Code: 1
2018-04-29 10:45:49 WARN  LogThis:34 - ORA-00903: invalid table name

2018-04-29 10:45:49 WARN  LogThis:34 - SQL state: 42000
2018-04-29 10:45:49 WARN  LogThis:34 - Error Code: 903
2018-04-29 10:45:49 WARN  LogThis:34 - ORA-00001: unique constraint (JDBCBANK_USER.UK_S_USERNAME) violated
ORA-06512: at "JDBCBANK_USER.INSERT_STUDENT", line 5
ORA-06512: at line 1

2018-04-29 10:45:49 WARN  LogThis:34 - SQL state: 23000
2018-04-29 10:45:49 WARN  LogThis:34 - Error Code: 1
2018-04-29 10:48:24 WARN  LogThis:34 - ORA-00903: invalid table name

2018-04-29 10:48:24 WARN  LogThis:34 - SQL state: 42000
2018-04-29 10:48:24 WARN  LogThis:34 - Error Code: 903
2018-04-29 10:48:24 WARN  LogThis:34 - ORA-00001: unique constraint (JDBCBANK_USER.UK_S_USERNAME) violated
ORA-06512: at "JDBCBANK_USER.INSERT_STUDENT", line 5
ORA-06512: at line 1

2018-04-29 10:48:24 WARN  LogThis:34 - SQL state: 23000
2018-04-29 10:48:24 WARN  LogThis:34 - Error Code: 1
2018-04-29 10:49:13 WARN  LogThis:34 - ORA-00903: invalid table name

2018-04-29 10:49:13 WARN  LogThis:34 - SQL state: 42000
2018-04-29 10:49:13 WARN  LogThis:34 - Error Code: 903
2018-04-29 10:49:13 WARN  LogThis:34 - ORA-00001: unique constraint (JDBCBANK_USER.UK_S_USERNAME) violated
ORA-06512: at "JDBCBANK_USER.INSERT_STUDENT", line 5
ORA-06512: at line 1

2018-04-29 10:49:13 WARN  LogThis:34 - SQL state: 23000
2018-04-29 10:49:13 WARN  LogThis:34 - Error Code: 1
2018-04-29 10:50:02 WARN  LogThis:34 - ORA-00903: invalid table name

2018-04-29 10:50:02 WARN  LogThis:34 - SQL state: 42000
2018-04-29 10:50:02 WARN  LogThis:34 - Error Code: 903
2018-04-29 10:50:02 WARN  LogThis:34 - ORA-00001: unique constraint (JDBCBANK_USER.UK_S_USERNAME) violated
ORA-06512: at "JDBCBANK_USER.INSERT_STUDENT", line 5
ORA-06512: at line 1

2018-04-29 10:50:02 WARN  LogThis:34 - SQL state: 23000
2018-04-29 10:50:02 WARN  LogThis:34 - Error Code: 1
2018-04-29 10:50:03 WARN  LogThis:34 - ORA-00903: invalid table name

2018-04-29 10:50:03 WARN  LogThis:34 - SQL state: 42000
2018-04-29 10:50:03 WARN  LogThis:34 - Error Code: 903
2018-04-29 10:51:28 WARN  LogThis:34 - ORA-00903: invalid table name

2018-04-29 10:51:28 WARN  LogThis:34 - SQL state: 42000
2018-04-29 10:51:28 WARN  LogThis:34 - Error Code: 903
2018-04-29 10:51:28 WARN  LogThis:34 - ORA-00903: invalid table name

2018-04-29 10:51:28 WARN  LogThis:34 - SQL state: 42000
2018-04-29 10:51:28 WARN  LogThis:34 - Error Code: 903
2018-04-29 10:51:28 WARN  LogThis:34 - ORA-00001: unique constraint (JDBCBANK_USER.UK_S_USERNAME) violated
ORA-06512: at "JDBCBANK_USER.INSERT_STUDENT", line 5
ORA-06512: at line 1

2018-04-29 10:51:28 WARN  LogThis:34 - SQL state: 23000
2018-04-29 10:51:28 WARN  LogThis:34 - Error Code: 1
2018-04-29 10:51:29 WARN  LogThis:34 - ORA-00903: invalid table name

2018-04-29 10:51:29 WARN  LogThis:34 - SQL state: 42000
2018-04-29 10:51:29 WARN  LogThis:34 - Error Code: 903
2018-04-29 17:33:52 WARN  LogThis:34 - ORA-00001: unique constraint (JDBCBANK_USER.UK_S_USERNAME) violated
ORA-06512: at "JDBCBANK_USER.INSERT_STUDENT", line 5
ORA-06512: at line 1

2018-04-29 17:33:52 WARN  LogThis:34 - SQL state: 23000
2018-04-29 17:33:52 WARN  LogThis:34 - Error Code: 1
2018-04-29 17:33:52 WARN  LogThis:34 - ORA-00001: unique constraint (JDBCBANK_USER.UK_T_USERNAME) violated
ORA-06512: at "JDBCBANK_USER.INSERT_TEACHER", line 5
ORA-06512: at line 1

2018-04-29 17:33:52 WARN  LogThis:34 - SQL state: 23000
2018-04-29 17:33:52 WARN  LogThis:34 - Error Code: 1
2018-04-29 17:40:16 WARN  LogThis:34 - ORA-00904: "SUSERNAME": invalid identifier

2018-04-29 17:40:16 WARN  LogThis:34 - SQL state: 42000
2018-04-29 17:40:16 WARN  LogThis:34 - Error Code: 904
2018-04-29 17:41:17 WARN  LogThis:34 - ORA-00001: unique constraint (JDBCBANK_USER.UK_S_USERNAME) violated
ORA-06512: at "JDBCBANK_USER.INSERT_STUDENT", line 5
ORA-06512: at line 1

2018-04-29 17:41:17 WARN  LogThis:34 - SQL state: 23000
2018-04-29 17:41:17 WARN  LogThis:34 - Error Code: 1
2018-04-29 17:41:18 WARN  LogThis:34 - ORA-00001: unique constraint (JDBCBANK_USER.UK_T_USERNAME) violated
ORA-06512: at "JDBCBANK_USER.INSERT_TEACHER", line 5
ORA-06512: at line 1

2018-04-29 17:41:18 WARN  LogThis:34 - SQL state: 23000
2018-04-29 17:41:18 WARN  LogThis:34 - Error Code: 1
2018-04-29 19:10:27 WARN  LogThis:34 - Invalid column name
2018-04-29 19:10:27 WARN  LogThis:34 - SQL state: 99999
2018-04-29 19:10:27 WARN  LogThis:34 - Error Code: 17006
2018-04-29 19:12:26 WARN  LogThis:34 - Invalid column name
2018-04-29 19:12:26 WARN  LogThis:34 - SQL state: 99999
2018-04-29 19:12:26 WARN  LogThis:34 - Error Code: 17006
2018-04-29 19:13:28 WARN  LogThis:34 - Invalid column name
2018-04-29 19:13:28 WARN  LogThis:34 - SQL state: 99999
2018-04-29 19:13:28 WARN  LogThis:34 - Error Code: 17006
2018-04-29 20:51:42 WARN  LogThis:34 - ORA-06550: line 1, column 7:
PLS-00201: identifier 'INSERT_USERNAME' must be declared
ORA-06550: line 1, column 7:
PL/SQL: Statement ignored

2018-04-29 20:51:42 WARN  LogThis:34 - SQL state: 65000
2018-04-29 20:51:42 WARN  LogThis:34 - Error Code: 6550
2018-04-29 20:56:09 WARN  LogThis:34 - ResultSet.next was not called
2018-04-29 20:56:09 WARN  LogThis:34 - SQL state: 99999
2018-04-29 20:56:09 WARN  LogThis:34 - Error Code: 17014
2018-04-29 20:56:09 WARN  LogThis:34 - ResultSet.next was not called
2018-04-29 20:56:09 WARN  LogThis:34 - SQL state: 99999
2018-04-29 20:56:09 WARN  LogThis:34 - Error Code: 17014
2018-04-29 20:58:08 WARN  LogThis:34 - ORA-00001: unique constraint (JDBCBANK_USER.UK_USERNAME) violated
ORA-06512: at "JDBCBANK_USER.INSERT_USERNAME", line 4
ORA-06512: at line 1

2018-04-29 20:58:08 WARN  LogThis:34 - SQL state: 23000
2018-04-29 20:58:08 WARN  LogThis:34 - Error Code: 1
2018-04-29 23:35:46 WARN  LogThis:34 - ORA-00904: "T_USERNAME": invalid identifier

2018-04-29 23:35:46 WARN  LogThis:34 - SQL state: 42000
2018-04-29 23:35:46 WARN  LogThis:34 - Error Code: 904
2018-04-29 23:35:51 WARN  LogThis:34 - ORA-00904: "T_USERNAME": invalid identifier

2018-04-29 23:35:51 WARN  LogThis:34 - SQL state: 42000
2018-04-29 23:35:51 WARN  LogThis:34 - Error Code: 904
2018-04-29 23:37:12 WARN  LogThis:34 - ORA-00904: "T_USERNAME": invalid identifier

2018-04-29 23:37:12 WARN  LogThis:34 - SQL state: 42000
2018-04-29 23:37:12 WARN  LogThis:34 - Error Code: 904
2018-04-29 23:39:04 WARN  LogThis:34 - ORA-00904: "T_USERNAME": invalid identifier

2018-04-29 23:39:04 WARN  LogThis:34 - SQL state: 42000
2018-04-29 23:39:04 WARN  LogThis:34 - Error Code: 904
2018-04-30 00:13:27 INFO  LogThis:30 - Create Principal
2018-04-30 00:13:51 INFO  LogThis:30 - Principal Account Created
2018-04-30 00:13:51 INFO  LogThis:30 - Principal Menu
2018-04-30 00:14:00 INFO  LogThis:30 - You have successfully logged out.
2018-04-30 00:14:00 INFO  LogThis:30 - Start Menu
2018-04-30 00:14:07 INFO  LogThis:30 - Create a New Teacher Profile
2018-04-30 00:14:24 INFO  LogThis:30 - Teacher Account Created
2018-04-30 00:14:24 INFO  LogThis:30 - Start Menu
2018-04-30 00:14:29 INFO  LogThis:30 - Login Menu
2018-04-30 00:14:39 INFO  LogThis:30 - Principal Menu
2018-04-30 00:14:52 INFO  LogThis:30 - Approve Teacher Menu
2018-04-30 00:15:12 INFO  LogThis:30 - Principal Menu
2018-04-30 00:15:15 INFO  LogThis:30 - You have successfully logged out.
2018-04-30 00:15:15 INFO  LogThis:30 - Start Menu
2018-04-30 00:15:18 INFO  LogThis:30 - Create a New Teacher Profile
2018-04-30 00:16:12 INFO  LogThis:30 - Teacher Account Created
2018-04-30 00:16:12 INFO  LogThis:30 - Start Menu
2018-04-30 00:16:22 INFO  LogThis:30 - Start Menu
2018-04-30 00:16:25 INFO  LogThis:30 - Create a New Teacher Profile
2018-04-30 00:17:05 INFO  LogThis:30 - Teacher Account Created
2018-04-30 00:17:05 INFO  LogThis:30 - Start Menu
2018-04-30 00:17:08 INFO  LogThis:30 - Login Menu
2018-04-30 00:17:14 INFO  LogThis:30 - Principal Menu
2018-04-30 00:17:18 INFO  LogThis:30 - Approve Teacher Menu
2018-04-30 00:17:27 INFO  LogThis:30 - All teachers were approved
2018-04-30 00:17:27 WARN  LogThis:34 - That is not a valid type of user.
2018-04-30 00:17:27 INFO  LogThis:30 - Login Menu
2018-05-01 12:59:17 INFO  LogThis:30 - Create Principal
2018-05-01 12:59:17 INFO  LogThis:30 - Create Principal
2018-05-01 12:59:36 INFO  LogThis:30 - Principal Account Created
2018-05-01 12:59:36 INFO  LogThis:30 - Principal Menu
2018-05-01 12:59:43 INFO  LogThis:30 - You have successfully logged out.
2018-05-01 12:59:44 INFO  LogThis:30 - Start Menu
2018-05-01 12:59:47 INFO  LogThis:30 - Create a New Student Profile
2018-05-01 13:00:23 INFO  LogThis:30 - Start Menu
2018-05-01 13:02:51 INFO  LogThis:30 - Create a New Student Profile
2018-05-01 13:03:05 INFO  LogThis:30 - Student Account Created
2018-05-01 13:03:05 INFO  LogThis:30 - Start Menu
2018-05-01 13:03:08 INFO  LogThis:30 - Create a New Teacher Profile
2018-05-01 13:03:31 INFO  LogThis:30 - Teacher Account Created
2018-05-01 13:03:32 INFO  LogThis:30 - Start Menu
2018-05-01 13:09:40 INFO  LogThis:30 - Start Menu
2018-05-01 13:12:35 INFO  LogThis:30 - Create Principal
2018-05-01 13:12:51 INFO  LogThis:30 - Principal Account Created
2018-05-01 13:12:51 INFO  LogThis:30 - Principal Menu
2018-05-01 13:15:07 INFO  LogThis:30 - Start Menu
2018-05-01 13:15:55 INFO  LogThis:30 - Login Menu
2018-05-01 13:16:09 WARN  LogThis:34 - Your username and/or password was incorrect.
2018-05-01 13:16:09 INFO  LogThis:30 - Start Menu
2018-05-01 13:17:40 INFO  LogThis:30 - Create Principal
2018-05-01 13:18:06 INFO  LogThis:30 - Principal Account Created
2018-05-01 13:18:06 INFO  LogThis:30 - Principal Menu
2018-05-01 13:18:12 INFO  LogThis:30 - Approve Teacher Menu
2018-05-01 13:18:26 INFO  LogThis:30 - All teachers were approved
2018-05-01 13:18:26 INFO  LogThis:30 - Approve Teacher Menu
2018-05-01 13:18:28 INFO  LogThis:30 - Principal Menu
2018-05-01 13:18:32 INFO  LogThis:30 - You have successfully logged out.
2018-05-01 13:18:32 INFO  LogThis:30 - Start Menu
2018-05-01 13:18:38 INFO  LogThis:30 - Login Menu
2018-05-01 13:18:49 INFO  LogThis:30 - Teacher Menu
2018-05-01 13:18:52 INFO  LogThis:30 - Approve Student Menu
2018-05-01 13:18:56 INFO  LogThis:30 - All students were approved
2018-05-01 13:18:56 INFO  LogThis:30 - Approve Student Menu
2018-05-01 13:18:59 INFO  LogThis:30 - Teacher Menu
2018-05-01 13:19:02 INFO  LogThis:30 - You have successfully logged out.
2018-05-01 13:19:02 INFO  LogThis:30 - Start Menu
2018-05-01 13:19:05 INFO  LogThis:30 - Login Menu
2018-05-01 13:19:12 INFO  LogThis:30 - Student Menu
2018-05-01 13:19:16 INFO  LogThis:30 - Get Coins Menu
2018-05-01 13:19:31 INFO  LogThis:30 - Student earned a coin!
2018-05-01 13:19:31 INFO  LogThis:30 - Get Coins Menu
2018-05-01 13:19:38 INFO  LogThis:30 - Student Menu
2018-05-01 13:19:41 INFO  LogThis:30 - You have successfully logged out.
2018-05-01 13:19:41 INFO  LogThis:30 - Start Menu
2018-05-01 14:28:35 INFO  LogThis:30 - Start Menu
2018-05-01 14:28:36 INFO  LogThis:30 - Login Menu
2018-05-01 14:28:42 WARN  LogThis:34 - Your username and/or password was incorrect.
2018-05-01 14:28:42 INFO  LogThis:30 - Start Menu
2018-05-01 14:28:47 INFO  LogThis:30 - Login Menu
2018-05-01 14:28:54 WARN  LogThis:34 - Your username and/or password was incorrect.
2018-05-01 14:28:54 INFO  LogThis:30 - Start Menu
2018-05-01 14:30:31 INFO  LogThis:30 - Login Menu
2018-05-01 14:30:38 WARN  LogThis:34 - Your username and/or password was incorrect.
2018-05-01 14:30:38 INFO  LogThis:30 - Start Menu
2018-05-01 14:30:39 INFO  LogThis:30 - Login Menu
2018-05-01 14:30:45 WARN  LogThis:34 - Your username and/or password was incorrect.
2018-05-01 14:30:45 INFO  LogThis:30 - Start Menu
2018-05-01 14:30:51 INFO  LogThis:30 - Login Menu
2018-05-01 14:31:05 WARN  LogThis:34 - Your username and/or password was incorrect.
2018-05-01 14:31:05 INFO  LogThis:30 - Start Menu
2018-05-01 14:31:10 INFO  LogThis:30 - Create a New Student Profile
2018-05-01 14:31:42 INFO  LogThis:30 - Student Account Created
2018-05-01 14:31:43 INFO  LogThis:30 - Start Menu
2018-05-01 14:31:47 INFO  LogThis:30 - Login Menu
2018-05-01 14:31:54 WARN  LogThis:34 - Your username and/or password was incorrect.
2018-05-01 14:31:54 INFO  LogThis:30 - Start Menu
2018-05-01 14:32:24 INFO  LogThis:30 - Login Menu
2018-05-01 14:32:33 INFO  LogThis:30 - Principal Menu
2018-05-01 14:32:40 INFO  LogThis:30 - You have successfully logged out.
2018-05-01 14:32:40 INFO  LogThis:30 - Start Menu
2018-05-01 14:32:45 INFO  LogThis:30 - Login Menu
2018-05-01 14:32:50 INFO  LogThis:30 - Teacher Menu
2018-05-01 14:32:52 INFO  LogThis:30 - Approve Student Menu
2018-05-01 14:32:56 INFO  LogThis:30 - All students were approved
2018-05-01 14:32:56 INFO  LogThis:30 - Approve Student Menu
2018-05-01 14:32:58 INFO  LogThis:30 - Teacher Menu
2018-05-01 14:33:02 INFO  LogThis:30 - You have successfully logged out.
2018-05-01 14:33:03 INFO  LogThis:30 - Start Menu
2018-05-01 14:33:04 INFO  LogThis:30 - Login Menu
2018-05-01 14:33:10 INFO  LogThis:30 - Student Menu
2018-05-01 14:34:09 INFO  LogThis:30 - Get Coins Menu
2018-05-01 14:34:21 INFO  LogThis:30 - Bardric earned a coin!
2018-05-01 14:34:22 INFO  LogThis:30 - Get Coins Menu
2018-05-01 14:34:28 INFO  LogThis:30 - Bardric earned a coin!
2018-05-01 14:34:28 INFO  LogThis:30 - Get Coins Menu
2018-05-01 14:34:32 INFO  LogThis:30 - Bardric earned a coin!
2018-05-01 14:34:32 INFO  LogThis:30 - Get Coins Menu
2018-05-01 14:34:36 INFO  LogThis:30 - Bardric earned a coin!
2018-05-01 14:34:36 INFO  LogThis:30 - Get Coins Menu
2018-05-01 14:34:39 INFO  LogThis:30 - Bardric earned a coin!
2018-05-01 14:34:39 INFO  LogThis:30 - Get Coins Menu
2018-05-01 14:34:43 INFO  LogThis:30 - Bardric earned a coin!
2018-05-01 14:34:43 INFO  LogThis:30 - Get Coins Menu
2018-05-01 14:34:46 INFO  LogThis:30 - Bardric earned a coin!
2018-05-01 14:34:46 INFO  LogThis:30 - Get Coins Menu
2018-05-01 14:34:51 INFO  LogThis:30 - Get Coins Menu
2018-05-01 14:34:58 INFO  LogThis:30 - Bardric earned a coin!
2018-05-01 14:34:58 INFO  LogThis:30 - Get Coins Menu
2018-05-01 14:35:01 INFO  LogThis:30 - Bardric earned a coin!
2018-05-01 14:35:01 INFO  LogThis:30 - Get Coins Menu
2018-05-01 14:35:14 INFO  LogThis:30 - Bardric earned a coin!
2018-05-01 14:35:14 INFO  LogThis:30 - Get Coins Menu
2018-05-01 14:35:18 INFO  LogThis:30 - Student Menu
2018-05-01 14:35:21 INFO  LogThis:30 - Spend Your Coins Menu
2018-05-01 14:35:31 INFO  LogThis:30 - Student Menu
2018-05-01 14:35:35 INFO  LogThis:30 - Get Coins Menu
2018-05-01 14:35:37 INFO  LogThis:30 - Bardric earned a coin!
2018-05-01 14:35:38 INFO  LogThis:30 - Get Coins Menu
2018-05-01 14:35:39 INFO  LogThis:30 - Student Menu
2018-05-01 14:35:41 INFO  LogThis:30 - Spend Your Coins Menu
2018-05-01 14:50:56 INFO  LogThis:30 - Student Menu
2018-05-01 14:51:19 INFO  LogThis:30 - You have successfully logged out.
2018-05-01 14:51:20 INFO  LogThis:30 - Start Menu
