2018-04-27 21:51:48 TRACE BankLogger:17 - Initializing...
2018-04-27 21:55:46 TRACE BankLogger:17 - Initializing...
2018-04-27 21:56:04 TRACE BankLogger:72 - Admin: Jesse Skipper logged out.
2018-04-27 21:56:27 TRACE BankLogger:33 - New Account: Han Solo
2018-04-27 21:56:50 TRACE BankLogger:33 - New Account: Heath Ledger
2018-04-27 21:57:22 TRACE BankLogger:33 - New Account: Christian Bale
2018-04-27 21:57:42 TRACE BankLogger:237 - Administator: Jesse Skipper approved all pending accounts.
2018-04-27 21:58:19 TRACE BankLogger:153 - Administator: Jesse Skipper deleted an account.
2018-04-27 21:58:24 TRACE BankLogger:119 - Administator: Jesse Skipper locked an account.
2018-04-27 21:58:37 TRACE BankLogger:119 - Administator: Jesse Skipper locked an account.
2018-04-27 21:58:42 TRACE BankLogger:72 - Admin: Jesse Skipper logged out.
2018-04-27 21:58:49 TRACE BankLogger:101 - User: Allison Skipper logged out.
2018-04-27 21:58:55 TRACE BankLogger:15 - Storing data...
2018-04-27 21:58:55 TRACE BankLogger:16 - Data stored. System close.
2018-04-27 21:58:55 TRACE BankLogger:17 - =============================
2018-04-28 14:41:10 TRACE BankLogger:17 - Initializing...
2018-04-28 14:41:16 TRACE BankLogger:15 - Storing data...
2018-04-28 14:41:16 TRACE BankLogger:16 - Data stored. System close.
2018-04-28 14:41:16 TRACE BankLogger:17 - =============================
2018-04-28 14:42:07 TRACE BankLogger:17 - Initializing...
2018-04-28 14:43:02 TRACE BankLogger:15 - Storing data...
2018-04-28 14:43:02 TRACE BankLogger:16 - Data stored. System close.
2018-04-28 14:43:02 TRACE BankLogger:17 - =============================
2018-04-28 14:44:26 TRACE BankLogger:17 - Initializing...
2018-04-28 14:45:19 TRACE BankLogger:17 - Initializing...
2018-04-28 14:45:48 TRACE BankLogger:15 - Storing data...
2018-04-28 14:45:48 TRACE BankLogger:16 - Data stored. System close.
2018-04-28 14:45:48 TRACE BankLogger:17 - =============================
2018-04-28 14:46:15 TRACE BankLogger:17 - Initializing...
2018-04-28 14:46:40 TRACE BankLogger:78 - User: Allison Skipper logged out.
2018-04-28 14:46:42 TRACE BankLogger:15 - Storing data...
2018-04-28 14:46:42 TRACE BankLogger:16 - Data stored. System close.
2018-04-28 14:46:42 TRACE BankLogger:17 - =============================
2018-04-28 15:07:45 TRACE BankLogger:17 - Initializing...
2018-04-28 15:08:33 TRACE BankLogger:87 - User: Allison Skipper logged out.
2018-04-28 15:08:34 TRACE BankLogger:15 - Storing data...
2018-04-28 15:08:34 TRACE BankLogger:16 - Data stored. System close.
2018-04-28 15:08:34 TRACE BankLogger:17 - =============================
2018-04-28 15:11:06 TRACE BankLogger:17 - Initializing...
2018-04-28 15:11:19 TRACE BankLogger:17 - Initializing...
2018-04-28 15:11:53 TRACE BankLogger:87 - User: Allison Skipper logged out.
2018-04-28 15:11:53 TRACE BankLogger:15 - Storing data...
2018-04-28 15:11:53 TRACE BankLogger:16 - Data stored. System close.
2018-04-28 15:11:53 TRACE BankLogger:17 - =============================
2018-04-28 15:44:19 TRACE BankLogger:17 - Initializing...
2018-04-28 15:44:31 TRACE BankLogger:63 - User: Jesse Skipper logged in.
2018-04-28 15:45:40 TRACE BankLogger:17 - Initializing...
2018-04-28 15:45:49 TRACE BankLogger:63 - User: Jesse Skipper logged in.
2018-04-28 15:46:04 TRACE BankLogger:103 - User: Jesse Skipper logged out.
2018-04-28 15:46:05 TRACE BankLogger:72 - Admin: Jesse Skipper logged out.
2018-04-28 15:50:41 TRACE BankLogger:17 - Initializing...
2018-04-28 15:50:49 TRACE BankLogger:63 - User: Jesse Skipper logged in.
2018-04-28 15:50:56 TRACE BankLogger:108 - User: Jesse Skipper logged out.
2018-04-28 15:50:57 TRACE BankLogger:72 - Admin: Jesse Skipper logged out.
2018-04-28 15:51:09 TRACE BankLogger:108 - User: Allison Skipper logged out.
2018-04-28 15:51:10 TRACE BankLogger:15 - Storing data...
2018-04-28 15:51:10 TRACE BankLogger:16 - Data stored. System close.
2018-04-28 15:51:10 TRACE BankLogger:17 - =============================
2018-04-28 16:04:15 TRACE BankLogger:17 - Initializing...
2018-04-28 16:04:25 TRACE BankLogger:63 - User: Jesse Skipper logged in.
2018-04-28 16:05:43 TRACE BankLogger:122 - User: Jesse Skipper logged out.
2018-04-28 16:05:44 TRACE BankLogger:72 - Admin: Jesse Skipper logged out.
2018-04-28 16:05:46 TRACE BankLogger:15 - Storing data...
2018-04-28 16:05:46 TRACE BankLogger:16 - Data stored. System close.
2018-04-28 16:05:46 TRACE BankLogger:17 - =============================
2018-04-28 16:07:28 TRACE BankLogger:17 - Initializing...
2018-04-28 16:07:36 TRACE BankLogger:63 - User: Jesse Skipper logged in.
2018-04-28 16:17:38 TRACE BankLogger:122 - User: Jesse Skipper logged out.
2018-04-28 16:17:38 TRACE BankLogger:72 - Admin: Jesse Skipper logged out.
2018-04-28 16:17:39 TRACE BankLogger:15 - Storing data...
2018-04-28 16:17:39 TRACE BankLogger:16 - Data stored. System close.
2018-04-28 16:17:39 TRACE BankLogger:17 - =============================
2018-04-28 16:17:41 TRACE BankLogger:17 - Initializing...
2018-04-28 16:17:58 TRACE BankLogger:63 - User: Jesse Skipper logged in.
2018-04-28 16:18:06 TRACE BankLogger:122 - User: Jesse Skipper logged out.
2018-04-28 16:18:06 TRACE BankLogger:72 - Admin: Jesse Skipper logged out.
2018-04-28 16:18:08 TRACE BankLogger:15 - Storing data...
2018-04-28 16:18:08 TRACE BankLogger:16 - Data stored. System close.
2018-04-28 16:18:08 TRACE BankLogger:17 - =============================
2018-04-28 16:18:30 TRACE BankLogger:17 - Initializing...
2018-04-28 16:18:39 TRACE BankLogger:63 - User: Jesse Skipper logged in.
2018-04-28 16:19:10 TRACE BankLogger:122 - User: Jesse Skipper logged out.
2018-04-28 16:19:12 TRACE BankLogger:72 - Admin: Jesse Skipper logged out.
2018-04-28 16:19:28 TRACE BankLogger:122 - User: Allison Skipper logged out.
2018-04-28 16:19:28 TRACE BankLogger:15 - Storing data...
2018-04-28 16:19:28 TRACE BankLogger:16 - Data stored. System close.
2018-04-28 16:19:28 TRACE BankLogger:17 - =============================
2018-04-28 16:52:25 TRACE BankLogger:17 - Initializing...
2018-04-28 16:52:34 TRACE BankLogger:63 - User: Jesse Skipper logged in.
2018-04-28 16:54:29 TRACE BankLogger:123 - User: Jesse Skipper logged out.
2018-04-28 16:54:30 TRACE BankLogger:72 - Admin: Jesse Skipper logged out.
2018-04-28 16:56:32 TRACE BankLogger:123 - User: Allison Skipper logged out.
2018-04-28 16:56:34 TRACE BankLogger:15 - Storing data...
2018-04-28 16:56:34 TRACE BankLogger:16 - Data stored. System close.
2018-04-28 16:56:34 TRACE BankLogger:17 - =============================
2018-04-28 16:56:41 TRACE BankLogger:17 - Initializing...
2018-04-28 16:57:50 TRACE BankLogger:72 - Admin: Jesse Skipper logged out.
2018-04-28 16:57:51 TRACE BankLogger:15 - Storing data...
2018-04-28 16:57:51 TRACE BankLogger:16 - Data stored. System close.
2018-04-28 16:57:51 TRACE BankLogger:17 - =============================
2018-04-28 16:57:55 TRACE BankLogger:17 - Initializing...
2018-04-28 16:59:36 TRACE BankLogger:17 - Initializing...
2018-04-28 16:59:46 TRACE BankLogger:63 - User: Jesse Skipper logged in.
2018-04-28 17:00:52 TRACE BankLogger:122 - User: Jesse Skipper logged out.
2018-04-28 17:00:53 TRACE BankLogger:72 - Admin: Jesse Skipper logged out.
2018-04-28 17:00:53 TRACE BankLogger:15 - Storing data...
2018-04-28 17:00:53 TRACE BankLogger:16 - Data stored. System close.
2018-04-28 17:00:53 TRACE BankLogger:17 - =============================
2018-04-28 17:01:24 TRACE BankLogger:17 - Initializing...
2018-04-28 17:12:33 TRACE BankLogger:122 - User: Allison Skipper logged out.
2018-04-28 17:12:33 TRACE BankLogger:15 - Storing data...
2018-04-28 17:12:33 TRACE BankLogger:16 - Data stored. System close.
2018-04-28 17:12:33 TRACE BankLogger:17 - =============================
2018-04-28 17:12:36 TRACE BankLogger:17 - Initializing...
2018-04-28 17:17:46 TRACE BankLogger:124 - User: Allison Skipper logged out.
2018-04-28 17:17:46 TRACE BankLogger:15 - Storing data...
2018-04-28 17:17:46 TRACE BankLogger:16 - Data stored. System close.
2018-04-28 17:17:46 TRACE BankLogger:17 - =============================
2018-04-28 17:17:48 TRACE BankLogger:17 - Initializing...
2018-04-28 17:23:42 TRACE BankLogger:134 - User: Allison Skipper logged out.
2018-04-28 17:23:47 TRACE BankLogger:63 - User: Jesse Skipper logged in.
2018-04-28 17:24:21 TRACE BankLogger:134 - User: Jesse Skipper logged out.
2018-04-28 17:24:22 TRACE BankLogger:72 - Admin: Jesse Skipper logged out.
2018-04-28 17:35:09 TRACE BankLogger:17 - Initializing...
2018-04-28 17:36:04 TRACE BankLogger:17 - Initializing...
2018-04-28 17:37:29 TRACE BankLogger:17 - Initializing...
2018-04-28 17:38:16 TRACE BankLogger:15 - Storing data...
2018-04-28 17:38:16 TRACE BankLogger:16 - Data stored. System close.
2018-04-28 17:38:16 TRACE BankLogger:17 - =============================
2018-04-28 17:38:19 TRACE BankLogger:17 - Initializing...
2018-04-28 17:45:34 TRACE BankLogger:72 - Admin: Jesse Skipper logged out.
2018-04-28 17:46:42 TRACE BankLogger:72 - Admin: Jesse Skipper logged out.
2018-04-28 17:47:07 TRACE BankLogger:15 - Storing data...
2018-04-28 17:47:07 TRACE BankLogger:16 - Data stored. System close.
2018-04-28 17:47:07 TRACE BankLogger:17 - =============================
2018-04-28 17:47:11 TRACE BankLogger:17 - Initializing...
2018-04-28 17:48:26 TRACE BankLogger:137 - Administator: Jesse Skipper unlocked an account.
2018-04-28 17:48:30 TRACE BankLogger:154 - Administator: Jesse Skipper deleted an account.
2018-04-28 17:48:46 TRACE BankLogger:73 - Admin: Jesse Skipper logged out.
2018-04-28 17:49:22 TRACE BankLogger:137 - Administator: Jesse Skipper unlocked an account.
2018-04-28 17:49:27 TRACE BankLogger:73 - Admin: Jesse Skipper logged out.
2018-04-28 17:50:57 TRACE BankLogger:134 - User: Kinsey Webb logged out.
2018-04-28 17:58:57 TRACE BankLogger:73 - Admin: Jesse Skipper logged out.
2018-04-28 17:58:58 TRACE BankLogger:15 - Storing data...
2018-04-28 17:58:58 TRACE BankLogger:16 - Data stored. System close.
2018-04-28 17:58:58 TRACE BankLogger:17 - =============================
2018-04-28 17:59:01 TRACE BankLogger:17 - Initializing...
2018-04-28 17:59:57 TRACE BankLogger:129 - Administator: Jesse Skipper unlocked an account.
2018-04-28 18:00:58 TRACE BankLogger:211 - Administator: Jesse Skipper approved an account.
2018-04-28 18:01:10 TRACE BankLogger:55 - User: Jesse Skipper logged in.
2018-04-28 18:01:33 TRACE BankLogger:134 - User: Jesse Skipper logged out.
2018-04-28 18:01:34 TRACE BankLogger:65 - Admin: Jesse Skipper logged out.
2018-04-28 18:03:33 TRACE BankLogger:17 - Initializing...
2018-04-28 18:03:53 TRACE BankLogger:55 - User: Jesse Skipper logged in.
2018-04-28 18:05:05 TRACE BankLogger:134 - User: Jesse Skipper logged out.
2018-04-28 18:05:06 TRACE BankLogger:65 - Admin: Jesse Skipper logged out.
2018-04-28 18:05:08 TRACE BankLogger:15 - Storing data...
2018-04-28 18:05:08 TRACE BankLogger:16 - Data stored. System close.
2018-04-28 18:05:08 TRACE BankLogger:17 - =============================
2018-04-28 18:10:49 TRACE BankLogger:17 - Initializing...
2018-04-28 18:10:57 TRACE BankLogger:55 - User: Jesse Skipper logged in.
2018-04-28 18:11:22 WARN  BankLogger:83 - Skip_a_few did not have enough TiCos for trade
2018-04-28 18:11:36 WARN  BankLogger:83 - Skip_a_few did not have enough TiCos for trade
2018-04-28 18:11:47 WARN  BankLogger:83 - Skip_a_few did not have enough TiCos for trade
2018-04-28 18:14:00 TRACE BankLogger:147 - User: Jesse Skipper logged out.
2018-04-28 18:14:09 TRACE BankLogger:55 - User: Jesse Skipper logged in.
2018-04-28 18:14:21 TRACE BankLogger:147 - User: Jesse Skipper logged out.
2018-04-28 18:14:23 TRACE BankLogger:65 - Admin: Jesse Skipper logged out.
2018-04-28 18:17:27 TRACE BankLogger:147 - User: Allison Skipper logged out.
2018-04-28 18:19:05 TRACE BankLogger:147 - User: Kinsey Webb logged out.
2018-04-28 18:19:05 TRACE BankLogger:15 - Storing data...
2018-04-28 18:19:05 TRACE BankLogger:16 - Data stored. System close.
2018-04-28 18:19:05 TRACE BankLogger:17 - =============================
2018-04-28 18:19:12 TRACE BankLogger:17 - Initializing...
2018-04-28 18:20:19 TRACE BankLogger:33 - New Account: Skip_a_few penguins
2018-04-28 18:21:11 TRACE BankLogger:15 - Storing data...
2018-04-28 18:21:11 TRACE BankLogger:16 - Data stored. System close.
2018-04-28 18:21:11 TRACE BankLogger:17 - =============================
2018-04-28 18:24:09 TRACE BankLogger:17 - Initializing...
2018-04-28 18:24:26 TRACE BankLogger:15 - Storing data...
2018-04-28 18:24:26 TRACE BankLogger:16 - Data stored. System close.
2018-04-28 18:24:26 TRACE BankLogger:17 - =============================
2018-04-28 18:26:30 TRACE BankLogger:17 - Initializing...
2018-04-28 18:26:45 WARN  BankLogger:113 - ORA-00001: unique constraint (JESSESKIPPER14.SYS_C005285) violated
ORA-06512: at "JESSESKIPPER14.INSERT_USER", line 5
ORA-06512: at line 1

2018-04-28 18:26:45 WARN  BankLogger:114 - SQL State: 23000
2018-04-28 18:26:45 WARN  BankLogger:115 - Error Code: 1
2018-04-28 18:27:56 WARN  BankLogger:313 - ORA-00001: unique constraint (JESSESKIPPER14.SYS_C005320) violated
ORA-06512: at "JESSESKIPPER14.INSERT_TIMESTAMP", line 4
ORA-06512: at line 1

2018-04-28 18:27:56 WARN  BankLogger:314 - SQL State: 23000
2018-04-28 18:27:56 WARN  BankLogger:315 - Error Code: 1
