2018-04-20 21:21:32 TRACE Initialization:17 - Initializing...
2018-04-20 21:21:32 TRACE Initialization:28 - Skipping first time setup...
2018-04-20 21:21:32 TRACE Initialization:69 - Deserialization complete...
2018-04-20 21:22:01 TRACE Initialization:17 - Initializing...
2018-04-20 21:22:01 TRACE Initialization:28 - Skipping first time setup...
2018-04-20 21:22:01 TRACE Initialization:69 - Deserialization complete...
2018-04-20 21:22:12 TRACE Initialization:13 - Storing data...
2018-04-20 21:22:12 TRACE Initialization:88 - Serialization complete...
2018-04-20 21:22:12 TRACE Initialization:16 - Data stored. System close.
2018-04-20 21:22:38 TRACE Initialization:17 - Initializing...
2018-04-20 21:22:38 TRACE Initialization:28 - Skipping first time setup...
2018-04-20 21:22:38 TRACE Initialization:69 - Deserialization complete...
2018-04-20 21:23:32 TRACE Initialization:45 - New Account: EthanHawke
2018-04-20 21:23:51 TRACE Initialization:45 - New Account: JasonBourne
2018-04-20 21:24:28 TRACE Initialization:54 - Nothing suspicious happened here...
2018-04-20 21:24:41 TRACE Initialization:319 - Administator: Jesse Skipper approved all accounts.
2018-04-20 21:24:58 TRACE Initialization:171 - Administator: Jesse Skipper deleted an account.
2018-04-20 21:25:17 TRACE Initialization:199 - Administator: Jesse Skipper promoted an account.
2018-04-20 21:25:26 TRACE Initialization:117 - Administator: Jesse Skipper locked an account.
2018-04-20 21:25:43 TRACE Initialization:47 - User: Jesse Skipper made a deposit.
2018-04-20 21:25:48 TRACE Initialization:91 - User: Jesse Skipper logged out.
2018-04-20 21:25:48 TRACE Initialization:67 - Admin: Jesse Skipper logged out.
2018-04-20 21:25:50 TRACE Initialization:13 - Storing data...
2018-04-20 21:25:50 TRACE Initialization:88 - Serialization complete...
2018-04-20 21:25:50 TRACE Initialization:16 - Data stored. System close.
